<vector xmlns:android="http://schemas.android.com/apk/res/android"
    android:width="296dp"
    android:height="218dp"
    android:viewportWidth="296"
    android:viewportHeight="218">
  <path
      android:pathData="M6.96,38.38C7.38,38.38 7.74,38.32 8.04,38.19C8.34,38.06 8.59,37.89 8.78,37.68C8.98,37.45 9.13,37.19 9.22,36.9C9.31,36.59 9.36,36.27 9.36,35.92C9.36,35.55 9.32,35.2 9.24,34.89C9.16,34.58 9.03,34.32 8.84,34.1C8.66,33.88 8.41,33.7 8.1,33.58C7.8,33.46 7.42,33.39 6.96,33.39C6.5,33.39 6.12,33.46 5.81,33.58C5.5,33.7 5.26,33.88 5.08,34.1C4.89,34.32 4.76,34.58 4.68,34.89C4.6,35.2 4.56,35.55 4.56,35.92C4.56,36.27 4.6,36.59 4.69,36.9C4.79,37.19 4.93,37.45 5.12,37.68C5.32,37.89 5.57,38.06 5.87,38.19C6.17,38.32 6.54,38.38 6.96,38.38ZM6.96,26.04C6.58,26.04 6.27,26.1 6.01,26.22C5.76,26.34 5.54,26.5 5.38,26.7C5.22,26.89 5.1,27.11 5.03,27.37C4.96,27.62 4.92,27.89 4.92,28.16C4.92,28.46 4.95,28.76 5,29.05C5.06,29.34 5.16,29.59 5.32,29.82C5.47,30.04 5.68,30.22 5.94,30.36C6.2,30.49 6.54,30.56 6.96,30.56C7.38,30.56 7.72,30.49 7.98,30.36C8.24,30.22 8.45,30.04 8.6,29.82C8.76,29.59 8.86,29.34 8.92,29.05C8.97,28.76 9,28.46 9,28.16C9,27.89 8.96,27.62 8.89,27.37C8.82,27.11 8.7,26.89 8.53,26.7C8.37,26.5 8.16,26.34 7.9,26.22C7.64,26.1 7.33,26.04 6.96,26.04ZM10.26,31.88C10.78,32.06 11.22,32.29 11.59,32.56C11.97,32.84 12.27,33.15 12.5,33.5C12.74,33.85 12.92,34.24 13.03,34.66C13.14,35.08 13.2,35.52 13.2,36C13.2,36.78 13.05,37.49 12.74,38.13C12.45,38.77 12.02,39.32 11.47,39.78C10.93,40.22 10.27,40.57 9.5,40.82C8.74,41.07 7.89,41.19 6.96,41.19C6.03,41.19 5.18,41.07 4.42,40.82C3.65,40.57 2.99,40.22 2.44,39.78C1.89,39.32 1.47,38.77 1.16,38.13C0.87,37.49 0.72,36.78 0.72,36C0.72,35.52 0.78,35.08 0.89,34.66C1,34.24 1.17,33.85 1.4,33.5C1.64,33.15 1.95,32.84 2.32,32.56C2.69,32.29 3.14,32.06 3.66,31.88C2.87,31.52 2.28,31.02 1.88,30.39C1.49,29.75 1.3,28.98 1.3,28.09C1.3,27.41 1.44,26.78 1.72,26.2C2,25.62 2.39,25.12 2.89,24.69C3.4,24.27 3.99,23.94 4.68,23.7C5.38,23.45 6.14,23.32 6.96,23.32C7.78,23.32 8.54,23.45 9.23,23.7C9.92,23.94 10.52,24.27 11.03,24.69C11.53,25.12 11.92,25.62 12.2,26.2C12.48,26.78 12.62,27.41 12.62,28.09C12.62,28.98 12.43,29.75 12.04,30.39C11.64,31.02 11.05,31.52 10.26,31.88ZM19.25,29.67C19.58,29.61 19.89,29.56 20.2,29.54C20.5,29.52 20.8,29.5 21.09,29.5C22.01,29.5 22.82,29.64 23.52,29.92C24.23,30.2 24.82,30.59 25.3,31.08C25.78,31.56 26.14,32.12 26.38,32.78C26.63,33.43 26.75,34.12 26.75,34.87C26.75,35.8 26.58,36.66 26.25,37.44C25.92,38.2 25.46,38.87 24.87,39.43C24.27,39.99 23.57,40.42 22.74,40.74C21.93,41.04 21.03,41.19 20.05,41.19C19.49,41.19 18.94,41.13 18.42,41.01C17.91,40.89 17.43,40.73 16.97,40.53C16.52,40.32 16.11,40.09 15.72,39.82C15.34,39.55 14.99,39.26 14.68,38.96L15.83,37.42C15.95,37.26 16.09,37.14 16.25,37.06C16.41,36.98 16.58,36.93 16.77,36.93C17.01,36.93 17.23,37 17.44,37.14C17.65,37.26 17.89,37.41 18.13,37.57C18.39,37.72 18.69,37.86 19.02,37.99C19.36,38.12 19.77,38.18 20.27,38.18C20.77,38.18 21.19,38.1 21.54,37.94C21.89,37.77 22.18,37.55 22.39,37.27C22.62,36.98 22.78,36.65 22.87,36.27C22.98,35.89 23.03,35.48 23.03,35.05C23.03,34.2 22.79,33.56 22.31,33.12C21.83,32.67 21.15,32.44 20.27,32.44C19.49,32.44 18.72,32.59 17.97,32.89L15.66,32.26L17.15,23.52H26.1V25.05C26.1,25.31 26.06,25.54 25.98,25.75C25.9,25.96 25.77,26.14 25.6,26.3C25.43,26.45 25.21,26.57 24.93,26.66C24.65,26.74 24.31,26.78 23.92,26.78H19.74L19.25,29.67ZM37.04,27.75C37.04,28.39 36.92,28.98 36.69,29.5C36.46,30.03 36.15,30.49 35.76,30.87C35.38,31.25 34.93,31.54 34.42,31.75C33.92,31.96 33.39,32.06 32.84,32.06C32.23,32.06 31.67,31.96 31.16,31.75C30.65,31.54 30.21,31.25 29.84,30.87C29.47,30.49 29.18,30.03 28.97,29.5C28.76,28.98 28.66,28.39 28.66,27.75C28.66,27.09 28.76,26.49 28.97,25.95C29.18,25.41 29.47,24.94 29.84,24.56C30.21,24.18 30.65,23.88 31.16,23.67C31.67,23.46 32.23,23.35 32.84,23.35C33.44,23.35 34,23.46 34.52,23.67C35.04,23.88 35.48,24.18 35.85,24.56C36.22,24.94 36.52,25.41 36.72,25.95C36.93,26.49 37.04,27.09 37.04,27.75ZM34.18,27.75C34.18,27.34 34.14,27.01 34.07,26.74C34.01,26.47 33.92,26.26 33.8,26.1C33.68,25.94 33.53,25.82 33.36,25.76C33.2,25.7 33.03,25.66 32.84,25.66C32.64,25.66 32.47,25.7 32.31,25.76C32.15,25.82 32.01,25.94 31.9,26.1C31.79,26.26 31.7,26.47 31.64,26.74C31.57,27.01 31.54,27.34 31.54,27.75C31.54,28.14 31.57,28.46 31.64,28.71C31.7,28.97 31.79,29.17 31.9,29.32C32.01,29.48 32.15,29.58 32.31,29.65C32.47,29.71 32.64,29.74 32.84,29.74C33.03,29.74 33.2,29.71 33.36,29.65C33.53,29.58 33.68,29.48 33.8,29.32C33.92,29.17 34.01,28.97 34.07,28.71C34.14,28.46 34.18,28.14 34.18,27.75ZM42.53,24.07C42.65,23.93 42.8,23.81 42.98,23.7C43.15,23.58 43.4,23.52 43.71,23.52H46.42L33.24,40.47C33.12,40.62 32.97,40.75 32.79,40.86C32.61,40.95 32.4,41 32.14,41H29.36L42.53,24.07ZM47.09,36.9C47.09,37.54 46.98,38.12 46.74,38.66C46.51,39.19 46.2,39.64 45.82,40.03C45.44,40.4 44.99,40.7 44.48,40.9C43.97,41.11 43.44,41.22 42.89,41.22C42.28,41.22 41.72,41.11 41.21,40.9C40.71,40.7 40.27,40.4 39.89,40.03C39.52,39.64 39.24,39.19 39.03,38.66C38.82,38.12 38.72,37.54 38.72,36.9C38.72,36.23 38.82,35.63 39.03,35.1C39.24,34.55 39.52,34.09 39.89,33.7C40.27,33.32 40.71,33.02 41.21,32.82C41.72,32.6 42.28,32.49 42.89,32.49C43.5,32.49 44.06,32.6 44.57,32.82C45.09,33.02 45.54,33.32 45.9,33.7C46.28,34.09 46.57,34.55 46.78,35.1C46.99,35.63 47.09,36.23 47.09,36.9ZM44.24,36.9C44.24,36.5 44.2,36.16 44.13,35.9C44.06,35.63 43.97,35.41 43.85,35.25C43.73,35.09 43.59,34.98 43.42,34.92C43.26,34.85 43.08,34.82 42.89,34.82C42.7,34.82 42.52,34.85 42.36,34.92C42.2,34.98 42.07,35.09 41.96,35.25C41.84,35.41 41.76,35.63 41.69,35.9C41.63,36.16 41.6,36.5 41.6,36.9C41.6,37.28 41.63,37.6 41.69,37.86C41.76,38.11 41.84,38.32 41.96,38.47C42.07,38.62 42.2,38.73 42.36,38.79C42.52,38.86 42.7,38.89 42.89,38.89C43.08,38.89 43.26,38.86 43.42,38.79C43.59,38.73 43.73,38.62 43.85,38.47C43.97,38.32 44.06,38.11 44.13,37.86C44.2,37.6 44.24,37.28 44.24,36.9ZM57.37,33.49C57.37,34.28 57.42,35.08 57.5,35.88C57.6,36.68 57.74,37.46 57.91,38.24C58.1,39.02 58.31,39.78 58.56,40.52C58.82,41.26 59.11,41.96 59.44,42.63C59.54,42.82 59.6,42.99 59.62,43.14C59.63,43.29 59.62,43.42 59.57,43.53C59.53,43.64 59.46,43.74 59.38,43.82C59.3,43.9 59.2,43.97 59.1,44.04L57.44,45C56.86,44.1 56.36,43.19 55.94,42.26C55.53,41.33 55.19,40.39 54.92,39.44C54.66,38.48 54.46,37.5 54.34,36.51C54.22,35.52 54.16,34.51 54.16,33.49C54.16,32.46 54.22,31.46 54.34,30.46C54.46,29.47 54.66,28.5 54.92,27.55C55.19,26.59 55.53,25.64 55.94,24.72C56.36,23.79 56.86,22.87 57.44,21.97L59.1,22.93C59.2,22.99 59.3,23.06 59.38,23.14C59.46,23.22 59.53,23.32 59.57,23.43C59.62,23.54 59.63,23.68 59.62,23.83C59.6,23.97 59.54,24.14 59.44,24.33C59.11,25 58.82,25.71 58.56,26.46C58.31,27.19 58.1,27.95 57.91,28.74C57.74,29.51 57.6,30.3 57.5,31.1C57.42,31.9 57.37,32.7 57.37,33.49ZM65.54,29.67C65.87,29.61 66.18,29.56 66.49,29.54C66.79,29.52 67.09,29.5 67.37,29.5C68.29,29.5 69.11,29.64 69.81,29.92C70.51,30.2 71.11,30.59 71.59,31.08C72.07,31.56 72.43,32.12 72.67,32.78C72.91,33.43 73.04,34.12 73.04,34.87C73.04,35.8 72.87,36.66 72.53,37.44C72.21,38.2 71.75,38.87 71.15,39.43C70.56,39.99 69.85,40.42 69.03,40.74C68.21,41.04 67.32,41.19 66.34,41.19C65.77,41.19 65.23,41.13 64.71,41.01C64.2,40.89 63.71,40.73 63.26,40.53C62.81,40.32 62.39,40.09 62.01,39.82C61.63,39.55 61.28,39.26 60.97,38.96L62.12,37.42C62.24,37.26 62.38,37.14 62.54,37.06C62.7,36.98 62.87,36.93 63.05,36.93C63.29,36.93 63.52,37 63.73,37.14C63.94,37.26 64.17,37.41 64.42,37.57C64.68,37.72 64.97,37.86 65.31,37.99C65.65,38.12 66.06,38.18 66.56,38.18C67.05,38.18 67.48,38.1 67.83,37.94C68.18,37.77 68.47,37.55 68.68,37.27C68.91,36.98 69.07,36.65 69.16,36.27C69.27,35.89 69.32,35.48 69.32,35.05C69.32,34.2 69.08,33.56 68.6,33.12C68.12,32.67 67.44,32.44 66.56,32.44C65.77,32.44 65.01,32.59 64.25,32.89L61.95,32.26L63.44,23.52H72.39V25.05C72.39,25.31 72.35,25.54 72.27,25.75C72.19,25.96 72.06,26.14 71.89,26.3C71.72,26.45 71.49,26.57 71.21,26.66C70.93,26.74 70.6,26.78 70.21,26.78H66.03L65.54,29.67ZM82.47,34.21V29.65C82.47,29.37 82.48,29.07 82.5,28.75C82.52,28.42 82.55,28.08 82.59,27.73L77.97,34.21H82.47ZM87.51,34.21V36.3C87.51,36.48 87.45,36.64 87.32,36.78C87.2,36.91 87.02,36.98 86.79,36.98H85.71V41H82.47V36.98H75.44C75.21,36.98 75,36.91 74.8,36.76C74.62,36.62 74.5,36.44 74.46,36.22L74.07,34.39L82.16,23.52H85.71V34.21H87.51ZM95.01,38.38C95.43,38.38 95.79,38.32 96.09,38.19C96.4,38.06 96.65,37.89 96.84,37.68C97.04,37.45 97.18,37.19 97.27,36.9C97.37,36.59 97.41,36.27 97.41,35.92C97.41,35.55 97.37,35.2 97.29,34.89C97.21,34.58 97.08,34.32 96.9,34.1C96.71,33.88 96.47,33.7 96.15,33.58C95.85,33.46 95.47,33.39 95.01,33.39C94.56,33.39 94.17,33.46 93.86,33.58C93.56,33.7 93.31,33.88 93.13,34.1C92.95,34.32 92.81,34.58 92.73,34.89C92.65,35.2 92.61,35.55 92.61,35.92C92.61,36.27 92.66,36.59 92.75,36.9C92.84,37.19 92.99,37.45 93.18,37.68C93.38,37.89 93.63,38.06 93.92,38.19C94.23,38.32 94.59,38.38 95.01,38.38ZM95.01,26.04C94.64,26.04 94.32,26.1 94.07,26.22C93.81,26.34 93.6,26.5 93.43,26.7C93.27,26.89 93.15,27.11 93.08,27.37C93.01,27.62 92.97,27.89 92.97,28.16C92.97,28.46 93,28.76 93.06,29.05C93.11,29.34 93.22,29.59 93.37,29.82C93.52,30.04 93.73,30.22 93.99,30.36C94.26,30.49 94.6,30.56 95.01,30.56C95.43,30.56 95.77,30.49 96.03,30.36C96.3,30.22 96.51,30.04 96.66,29.82C96.81,29.59 96.91,29.34 96.97,29.05C97.03,28.76 97.05,28.46 97.05,28.16C97.05,27.89 97.02,27.62 96.95,27.37C96.87,27.11 96.75,26.89 96.59,26.7C96.43,26.5 96.21,26.34 95.95,26.22C95.69,26.1 95.38,26.04 95.01,26.04ZM98.31,31.88C98.83,32.06 99.28,32.29 99.65,32.56C100.02,32.84 100.33,33.15 100.56,33.5C100.8,33.85 100.97,34.24 101.09,34.66C101.2,35.08 101.25,35.52 101.25,36C101.25,36.78 101.1,37.49 100.8,38.13C100.5,38.77 100.08,39.32 99.53,39.78C98.98,40.22 98.33,40.57 97.56,40.82C96.79,41.07 95.94,41.19 95.01,41.19C94.09,41.19 93.24,41.07 92.47,40.82C91.7,40.57 91.04,40.22 90.49,39.78C89.95,39.32 89.52,38.77 89.22,38.13C88.92,37.49 88.77,36.78 88.77,36C88.77,35.52 88.83,35.08 88.94,34.66C89.05,34.24 89.23,33.85 89.46,33.5C89.7,33.15 90,32.84 90.37,32.56C90.75,32.29 91.19,32.06 91.71,31.88C90.92,31.52 90.33,31.02 89.94,30.39C89.55,29.75 89.35,28.98 89.35,28.09C89.35,27.41 89.49,26.78 89.77,26.2C90.05,25.62 90.44,25.12 90.95,24.69C91.45,24.27 92.05,23.94 92.73,23.7C93.43,23.45 94.19,23.32 95.01,23.32C95.84,23.32 96.59,23.45 97.28,23.7C97.98,23.94 98.58,24.27 99.08,24.69C99.59,25.12 99.98,25.62 100.26,26.2C100.54,26.78 100.68,27.41 100.68,28.09C100.68,28.98 100.48,29.75 100.09,30.39C99.7,31.02 99.11,31.52 98.31,31.88ZM106.12,40.86C106.03,41.07 105.91,41.26 105.77,41.43C105.63,41.6 105.48,41.74 105.3,41.85C105.13,41.96 104.95,42.05 104.75,42.1C104.56,42.16 104.36,42.19 104.17,42.19H102.59L109.4,24.3C109.57,23.89 109.81,23.58 110.14,23.36C110.46,23.14 110.85,23.04 111.28,23.04H112.86L106.12,40.86ZM120.4,38.25C120.78,38.25 121.14,38.18 121.46,38.04C121.8,37.89 122.09,37.7 122.33,37.45C122.57,37.19 122.76,36.9 122.89,36.56C123.04,36.22 123.11,35.84 123.11,35.44C123.11,35 123.04,34.6 122.9,34.24C122.78,33.89 122.59,33.6 122.35,33.36C122.11,33.12 121.82,32.93 121.48,32.8C121.14,32.68 120.76,32.61 120.35,32.61C119.97,32.61 119.63,32.68 119.32,32.82C119,32.94 118.73,33.13 118.5,33.38C118.28,33.63 118.1,33.92 117.97,34.27C117.85,34.61 117.78,35 117.78,35.43C117.78,35.86 117.83,36.25 117.94,36.6C118.04,36.94 118.2,37.24 118.42,37.48C118.63,37.73 118.9,37.92 119.23,38.06C119.56,38.19 119.95,38.25 120.4,38.25ZM119.8,30.24C120.36,30.03 120.98,29.92 121.67,29.92C122.3,29.92 122.93,30.03 123.54,30.24C124.16,30.44 124.71,30.76 125.2,31.2C125.68,31.63 126.08,32.18 126.37,32.84C126.68,33.5 126.83,34.27 126.83,35.17C126.83,35.98 126.68,36.76 126.37,37.5C126.07,38.22 125.64,38.86 125.08,39.42C124.53,39.96 123.86,40.39 123.07,40.71C122.29,41.03 121.42,41.19 120.47,41.19C119.49,41.19 118.62,41.04 117.84,40.74C117.07,40.42 116.4,39.99 115.86,39.44C115.32,38.89 114.91,38.23 114.63,37.46C114.35,36.69 114.21,35.85 114.21,34.93C114.21,33.21 114.87,31.46 116.2,29.68L120.13,24.37C120.32,24.14 120.58,23.94 120.93,23.77C121.28,23.6 121.68,23.52 122.13,23.52H125.44L120.25,29.71L119.8,30.24ZM140.82,32.25C140.82,33.78 140.66,35.1 140.33,36.22C140,37.34 139.55,38.27 138.96,39.01C138.39,39.74 137.7,40.29 136.9,40.65C136.11,41.01 135.25,41.19 134.32,41.19C133.39,41.19 132.53,41.01 131.74,40.65C130.96,40.29 130.27,39.74 129.7,39.01C129.12,38.27 128.67,37.34 128.34,36.22C128.02,35.1 127.86,33.78 127.86,32.25C127.86,30.72 128.02,29.4 128.34,28.28C128.67,27.16 129.12,26.23 129.7,25.5C130.27,24.76 130.96,24.22 131.74,23.86C132.53,23.5 133.39,23.32 134.32,23.32C135.25,23.32 136.11,23.5 136.9,23.86C137.7,24.22 138.39,24.76 138.96,25.5C139.55,26.23 140,27.16 140.33,28.28C140.66,29.4 140.82,30.72 140.82,32.25ZM136.98,32.25C136.98,31.04 136.91,30.06 136.76,29.29C136.6,28.51 136.4,27.9 136.14,27.46C135.9,27.02 135.61,26.72 135.29,26.56C134.97,26.4 134.65,26.31 134.32,26.31C133.99,26.31 133.67,26.4 133.35,26.56C133.04,26.72 132.76,27.02 132.51,27.46C132.27,27.9 132.07,28.51 131.92,29.29C131.77,30.06 131.7,31.04 131.7,32.25C131.7,33.47 131.77,34.46 131.92,35.23C132.07,36 132.27,36.6 132.51,37.05C132.76,37.49 133.04,37.8 133.35,37.96C133.67,38.12 133.99,38.2 134.32,38.2C134.65,38.2 134.97,38.12 135.29,37.96C135.61,37.8 135.9,37.49 136.14,37.05C136.4,36.6 136.6,36 136.76,35.23C136.91,34.46 136.98,33.47 136.98,32.25ZM154.74,32.25C154.74,33.78 154.58,35.1 154.25,36.22C153.93,37.34 153.47,38.27 152.88,39.01C152.31,39.74 151.62,40.29 150.82,40.65C150.03,41.01 149.17,41.19 148.24,41.19C147.31,41.19 146.45,41.01 145.66,40.65C144.88,40.29 144.2,39.74 143.62,39.01C143.04,38.27 142.59,37.34 142.26,36.22C141.95,35.1 141.79,33.78 141.79,32.25C141.79,30.72 141.95,29.4 142.26,28.28C142.59,27.16 143.04,26.23 143.62,25.5C144.2,24.76 144.88,24.22 145.66,23.86C146.45,23.5 147.31,23.32 148.24,23.32C149.17,23.32 150.03,23.5 150.82,23.86C151.62,24.22 152.31,24.76 152.88,25.5C153.47,26.23 153.93,27.16 154.25,28.28C154.58,29.4 154.74,30.72 154.74,32.25ZM150.9,32.25C150.9,31.04 150.83,30.06 150.68,29.29C150.52,28.51 150.32,27.9 150.07,27.46C149.82,27.02 149.53,26.72 149.21,26.56C148.89,26.4 148.57,26.31 148.24,26.31C147.91,26.31 147.59,26.4 147.27,26.56C146.96,26.72 146.68,27.02 146.43,27.46C146.19,27.9 145.99,28.51 145.84,29.29C145.7,30.06 145.63,31.04 145.63,32.25C145.63,33.47 145.7,34.46 145.84,35.23C145.99,36 146.19,36.6 146.43,37.05C146.68,37.49 146.96,37.8 147.27,37.96C147.59,38.12 147.91,38.2 148.24,38.2C148.57,38.2 148.89,38.12 149.21,37.96C149.53,37.8 149.82,37.49 150.07,37.05C150.32,36.6 150.52,36 150.68,35.23C150.83,34.46 150.9,33.47 150.9,32.25ZM158.06,33.49C158.06,32.7 158.01,31.9 157.91,31.1C157.83,30.3 157.69,29.51 157.51,28.74C157.33,27.95 157.12,27.19 156.86,26.46C156.6,25.71 156.32,25 155.99,24.33C155.89,24.14 155.83,23.97 155.82,23.83C155.8,23.68 155.81,23.54 155.85,23.43C155.9,23.32 155.96,23.22 156.04,23.14C156.13,23.06 156.23,22.99 156.33,22.93L157.99,21.97C159.15,23.78 159.98,25.64 160.49,27.55C161.01,29.46 161.27,31.44 161.27,33.49C161.27,35.54 161.01,37.53 160.49,39.44C159.98,41.34 159.15,43.2 157.99,45L156.33,44.04C156.23,43.97 156.13,43.9 156.04,43.82C155.96,43.74 155.9,43.64 155.85,43.53C155.81,43.42 155.8,43.29 155.82,43.14C155.83,42.99 155.89,42.82 155.99,42.63C156.32,41.96 156.6,41.26 156.86,40.52C157.12,39.78 157.33,39.02 157.51,38.24C157.69,37.46 157.83,36.68 157.91,35.88C158.01,35.08 158.06,34.28 158.06,33.49Z"
      android:fillColor="#707070"/>
  <path
      android:pathData="M2.88,58.72V61H2.11V58.72L0.01,55.27H0.69C0.76,55.27 0.81,55.29 0.85,55.32C0.89,55.35 0.93,55.39 0.96,55.45L2.27,57.68C2.32,57.77 2.36,57.86 2.4,57.94C2.44,58.02 2.47,58.1 2.5,58.18C2.53,58.1 2.57,58.02 2.6,57.94C2.64,57.86 2.68,57.77 2.73,57.68L4.04,55.45C4.06,55.4 4.09,55.36 4.14,55.32C4.18,55.29 4.23,55.27 4.3,55.27H4.98L2.88,58.72ZM6.39,56.88C6.69,56.88 6.95,56.93 7.19,57.03C7.43,57.13 7.63,57.27 7.8,57.45C7.97,57.63 8.09,57.85 8.18,58.11C8.27,58.37 8.32,58.65 8.32,58.97C8.32,59.29 8.27,59.58 8.18,59.84C8.09,60.09 7.97,60.31 7.8,60.49C7.63,60.67 7.43,60.81 7.19,60.91C6.95,61.01 6.69,61.06 6.39,61.06C6.09,61.06 5.82,61.01 5.58,60.91C5.34,60.81 5.14,60.67 4.97,60.49C4.81,60.31 4.68,60.09 4.59,59.84C4.5,59.58 4.45,59.29 4.45,58.97C4.45,58.65 4.5,58.37 4.59,58.11C4.68,57.85 4.81,57.63 4.97,57.45C5.14,57.27 5.34,57.13 5.58,57.03C5.82,56.93 6.09,56.88 6.39,56.88ZM6.39,60.5C6.79,60.5 7.09,60.37 7.29,60.1C7.48,59.83 7.58,59.46 7.58,58.98C7.58,58.49 7.48,58.12 7.29,57.85C7.09,57.58 6.79,57.44 6.39,57.44C6.19,57.44 6.01,57.48 5.86,57.55C5.71,57.62 5.58,57.72 5.48,57.85C5.38,57.98 5.31,58.14 5.26,58.33C5.21,58.52 5.19,58.74 5.19,58.98C5.19,59.46 5.28,59.83 5.48,60.1C5.68,60.37 5.98,60.5 6.39,60.5ZM12.55,56.95V61H12.13C12.03,61 11.96,60.95 11.94,60.85L11.88,60.42C11.7,60.61 11.51,60.77 11.29,60.89C11.07,61.01 10.82,61.06 10.54,61.06C10.31,61.06 10.12,61.03 9.95,60.96C9.78,60.88 9.64,60.78 9.52,60.64C9.41,60.51 9.32,60.35 9.26,60.16C9.21,59.97 9.18,59.76 9.18,59.53V56.95H9.89V59.53C9.89,59.84 9.96,60.08 10.1,60.24C10.24,60.41 10.46,60.5 10.74,60.5C10.95,60.5 11.15,60.45 11.33,60.35C11.52,60.25 11.69,60.11 11.84,59.93V56.95H12.55ZM14.36,57.76C14.49,57.48 14.64,57.27 14.83,57.11C15.02,56.95 15.24,56.88 15.51,56.88C15.6,56.88 15.68,56.89 15.76,56.9C15.84,56.92 15.91,56.95 15.97,56.99L15.92,57.52C15.9,57.59 15.86,57.62 15.8,57.62C15.76,57.62 15.71,57.62 15.63,57.6C15.56,57.58 15.48,57.58 15.39,57.58C15.26,57.58 15.15,57.59 15.05,57.63C14.95,57.67 14.86,57.73 14.78,57.8C14.7,57.87 14.63,57.96 14.57,58.07C14.5,58.18 14.45,58.3 14.4,58.44V61H13.68V56.95H14.09C14.17,56.95 14.22,56.96 14.25,56.99C14.28,57.02 14.3,57.07 14.31,57.14L14.36,57.76ZM19.19,60.02C19.32,60.2 19.46,60.32 19.61,60.4C19.77,60.47 19.94,60.5 20.13,60.5C20.51,60.5 20.8,60.37 21.01,60.1C21.21,59.83 21.31,59.45 21.31,58.95C21.31,58.68 21.29,58.46 21.24,58.27C21.19,58.08 21.13,57.92 21.04,57.8C20.95,57.68 20.84,57.59 20.71,57.54C20.59,57.48 20.44,57.45 20.28,57.45C20.05,57.45 19.84,57.51 19.67,57.61C19.49,57.72 19.33,57.87 19.19,58.06V60.02ZM19.15,57.58C19.32,57.37 19.52,57.2 19.74,57.07C19.97,56.94 20.22,56.88 20.51,56.88C20.74,56.88 20.96,56.92 21.15,57.01C21.34,57.1 21.5,57.23 21.63,57.41C21.76,57.58 21.87,57.8 21.94,58.06C22.01,58.31 22.05,58.61 22.05,58.95C22.05,59.25 22.01,59.53 21.93,59.78C21.85,60.04 21.73,60.26 21.58,60.45C21.43,60.64 21.24,60.79 21.03,60.9C20.81,61 20.57,61.06 20.29,61.06C20.05,61.06 19.83,61.01 19.65,60.93C19.48,60.85 19.32,60.73 19.19,60.58V62.37H18.47V56.95H18.9C19,56.95 19.06,57 19.09,57.1L19.15,57.58ZM25.67,58.53C25.67,58.37 25.64,58.22 25.59,58.08C25.55,57.94 25.48,57.82 25.39,57.72C25.3,57.62 25.19,57.55 25.07,57.49C24.94,57.44 24.79,57.41 24.63,57.41C24.29,57.41 24.02,57.51 23.82,57.71C23.62,57.91 23.5,58.18 23.45,58.53H25.67ZM26.24,60.43C26.15,60.54 26.05,60.63 25.93,60.71C25.8,60.79 25.67,60.85 25.53,60.9C25.39,60.95 25.25,60.99 25.1,61.02C24.95,61.04 24.8,61.06 24.65,61.06C24.37,61.06 24.12,61.01 23.88,60.92C23.64,60.82 23.44,60.68 23.27,60.5C23.1,60.32 22.96,60.09 22.87,59.82C22.77,59.55 22.72,59.24 22.72,58.89C22.72,58.61 22.77,58.35 22.85,58.1C22.94,57.85 23.06,57.64 23.23,57.46C23.39,57.28 23.59,57.14 23.82,57.04C24.06,56.94 24.32,56.88 24.61,56.88C24.86,56.88 25.08,56.93 25.29,57.01C25.49,57.09 25.67,57.21 25.82,57.36C25.97,57.51 26.09,57.7 26.18,57.93C26.26,58.15 26.31,58.41 26.31,58.7C26.31,58.81 26.29,58.88 26.27,58.92C26.25,58.96 26.2,58.98 26.13,58.98H23.43C23.43,59.23 23.47,59.45 23.53,59.64C23.59,59.83 23.68,59.99 23.79,60.12C23.91,60.25 24.04,60.34 24.19,60.4C24.35,60.47 24.52,60.5 24.71,60.5C24.89,60.5 25.05,60.48 25.17,60.44C25.31,60.39 25.42,60.35 25.51,60.3C25.6,60.25 25.68,60.21 25.74,60.17C25.81,60.13 25.86,60.1 25.91,60.1C25.97,60.1 26.01,60.13 26.04,60.17L26.24,60.43ZM27.86,57.76C27.99,57.48 28.14,57.27 28.33,57.11C28.52,56.95 28.74,56.88 29.01,56.88C29.1,56.88 29.18,56.89 29.26,56.9C29.34,56.92 29.41,56.95 29.47,56.99L29.42,57.52C29.4,57.59 29.36,57.62 29.3,57.62C29.26,57.62 29.21,57.62 29.13,57.6C29.06,57.58 28.98,57.58 28.89,57.58C28.76,57.58 28.65,57.59 28.55,57.63C28.45,57.67 28.36,57.73 28.28,57.8C28.2,57.87 28.13,57.96 28.07,58.07C28,58.18 27.95,58.3 27.9,58.44V61H27.18V56.95H27.59C27.67,56.95 27.72,56.96 27.75,56.99C27.78,57.02 27.8,57.07 27.81,57.14L27.86,57.76ZM30.36,61V57.56L29.91,57.5C29.86,57.49 29.81,57.47 29.77,57.44C29.74,57.41 29.72,57.37 29.72,57.32V57.03H30.36V56.64C30.36,56.4 30.39,56.2 30.46,56.02C30.52,55.84 30.62,55.69 30.74,55.56C30.86,55.44 31,55.34 31.18,55.28C31.35,55.22 31.54,55.18 31.75,55.18C31.93,55.18 32.1,55.21 32.25,55.26L32.24,55.62C32.23,55.68 32.19,55.72 32.13,55.72C32.06,55.73 31.98,55.73 31.87,55.73C31.74,55.73 31.63,55.75 31.53,55.78C31.43,55.81 31.35,55.86 31.28,55.94C31.2,56.01 31.15,56.1 31.11,56.22C31.07,56.34 31.05,56.48 31.05,56.66V57.03H32.22V57.54H31.08V61H30.36ZM34.48,56.88C34.77,56.88 35.04,56.93 35.28,57.03C35.51,57.13 35.72,57.27 35.88,57.45C36.05,57.63 36.18,57.85 36.27,58.11C36.36,58.37 36.4,58.65 36.4,58.97C36.4,59.29 36.36,59.58 36.27,59.84C36.18,60.09 36.05,60.31 35.88,60.49C35.72,60.67 35.51,60.81 35.28,60.91C35.04,61.01 34.77,61.06 34.48,61.06C34.18,61.06 33.91,61.01 33.67,60.91C33.43,60.81 33.23,60.67 33.06,60.49C32.89,60.31 32.76,60.09 32.67,59.84C32.58,59.58 32.54,59.29 32.54,58.97C32.54,58.65 32.58,58.37 32.67,58.11C32.76,57.85 32.89,57.63 33.06,57.45C33.23,57.27 33.43,57.13 33.67,57.03C33.91,56.93 34.18,56.88 34.48,56.88ZM34.48,60.5C34.88,60.5 35.17,60.37 35.37,60.1C35.57,59.83 35.67,59.46 35.67,58.98C35.67,58.49 35.57,58.12 35.37,57.85C35.17,57.58 34.88,57.44 34.48,57.44C34.27,57.44 34.1,57.48 33.94,57.55C33.79,57.62 33.67,57.72 33.57,57.85C33.47,57.98 33.39,58.14 33.34,58.33C33.3,58.52 33.27,58.74 33.27,58.98C33.27,59.46 33.37,59.83 33.57,60.1C33.77,60.37 34.07,60.5 34.48,60.5ZM37.98,57.76C38.11,57.48 38.27,57.27 38.45,57.11C38.64,56.95 38.87,56.88 39.14,56.88C39.22,56.88 39.3,56.89 39.38,56.9C39.46,56.92 39.53,56.95 39.59,56.99L39.54,57.52C39.53,57.59 39.49,57.62 39.42,57.62C39.38,57.62 39.33,57.62 39.26,57.6C39.19,57.58 39.1,57.58 39.01,57.58C38.89,57.58 38.77,57.59 38.67,57.63C38.57,57.67 38.48,57.73 38.4,57.8C38.32,57.87 38.25,57.96 38.19,58.07C38.13,58.18 38.07,58.3 38.02,58.44V61H37.31V56.95H37.71C37.79,56.95 37.84,56.96 37.87,56.99C37.9,57.02 37.92,57.07 37.93,57.14L37.98,57.76ZM40.22,61V56.95H40.65C40.75,56.95 40.81,57 40.84,57.1L40.89,57.51C41.04,57.33 41.21,57.18 41.39,57.06C41.58,56.94 41.79,56.88 42.04,56.88C42.31,56.88 42.53,56.96 42.7,57.11C42.87,57.26 42.99,57.47 43.07,57.73C43.13,57.58 43.2,57.45 43.29,57.35C43.39,57.24 43.49,57.15 43.6,57.08C43.72,57.01 43.84,56.96 43.97,56.93C44.1,56.9 44.23,56.88 44.36,56.88C44.58,56.88 44.77,56.92 44.93,56.99C45.1,57.05 45.24,57.15 45.36,57.28C45.47,57.41 45.56,57.58 45.62,57.77C45.69,57.96 45.72,58.17 45.72,58.42V61H45V58.42C45,58.1 44.93,57.86 44.79,57.7C44.65,57.53 44.45,57.45 44.19,57.45C44.07,57.45 43.96,57.47 43.86,57.52C43.75,57.56 43.66,57.62 43.58,57.7C43.5,57.78 43.44,57.88 43.39,58C43.34,58.12 43.32,58.26 43.32,58.42V61H42.6V58.42C42.6,58.09 42.54,57.85 42.41,57.69C42.28,57.53 42.09,57.45 41.84,57.45C41.66,57.45 41.5,57.5 41.35,57.6C41.2,57.69 41.06,57.82 40.94,57.98V61H40.22ZM48.99,59.18C48.67,59.19 48.39,59.21 48.15,59.26C47.92,59.3 47.74,59.35 47.59,59.42C47.45,59.48 47.34,59.56 47.27,59.65C47.21,59.74 47.18,59.84 47.18,59.96C47.18,60.06 47.2,60.15 47.23,60.23C47.26,60.31 47.31,60.37 47.37,60.42C47.43,60.47 47.5,60.51 47.58,60.53C47.67,60.55 47.75,60.56 47.85,60.56C47.97,60.56 48.09,60.55 48.19,60.53C48.29,60.5 48.39,60.46 48.48,60.42C48.58,60.37 48.66,60.31 48.75,60.24C48.83,60.18 48.91,60.1 48.99,60.02V59.18ZM46.69,57.52C46.92,57.3 47.16,57.14 47.42,57.04C47.68,56.93 47.96,56.88 48.28,56.88C48.51,56.88 48.71,56.91 48.88,56.99C49.06,57.06 49.21,57.17 49.33,57.3C49.45,57.43 49.54,57.59 49.6,57.78C49.66,57.97 49.69,58.18 49.69,58.41V61H49.37C49.31,61 49.25,60.99 49.21,60.97C49.18,60.94 49.15,60.9 49.13,60.83L49.05,60.45C48.94,60.55 48.84,60.63 48.73,60.71C48.63,60.79 48.53,60.85 48.41,60.9C48.3,60.95 48.18,60.99 48.05,61.02C47.93,61.05 47.79,61.06 47.63,61.06C47.48,61.06 47.33,61.04 47.19,61C47.05,60.95 46.93,60.89 46.83,60.8C46.72,60.71 46.64,60.6 46.58,60.47C46.52,60.33 46.49,60.17 46.49,59.99C46.49,59.83 46.54,59.67 46.63,59.53C46.71,59.38 46.86,59.25 47.05,59.13C47.25,59.02 47.51,58.92 47.83,58.85C48.14,58.78 48.53,58.73 48.99,58.72V58.41C48.99,58.09 48.93,57.86 48.79,57.7C48.65,57.53 48.46,57.45 48.19,57.45C48.02,57.45 47.87,57.47 47.75,57.52C47.63,57.56 47.53,57.61 47.44,57.67C47.36,57.72 47.28,57.77 47.22,57.82C47.16,57.86 47.1,57.88 47.03,57.88C46.99,57.88 46.94,57.87 46.91,57.84C46.88,57.82 46.85,57.79 46.82,57.75L46.69,57.52ZM51.45,57.54C51.53,57.44 51.63,57.35 51.73,57.27C51.83,57.19 51.93,57.12 52.04,57.06C52.15,57.01 52.27,56.96 52.39,56.93C52.52,56.9 52.65,56.88 52.79,56.88C53.02,56.88 53.21,56.92 53.38,57C53.55,57.07 53.69,57.17 53.8,57.31C53.92,57.44 54,57.6 54.06,57.79C54.12,57.98 54.15,58.19 54.15,58.42V61H53.43V58.42C53.43,58.11 53.36,57.88 53.22,57.71C53.08,57.54 52.87,57.45 52.59,57.45C52.38,57.45 52.18,57.5 51.99,57.6C51.81,57.71 51.65,57.84 51.49,58.02V61H50.77V56.95H51.2C51.3,56.95 51.37,57 51.39,57.1L51.45,57.54ZM58.06,57.67C58.03,57.7 58.01,57.72 57.99,57.74C57.97,57.75 57.94,57.76 57.9,57.76C57.86,57.76 57.82,57.74 57.77,57.71C57.72,57.68 57.66,57.64 57.59,57.6C57.52,57.56 57.44,57.52 57.33,57.49C57.23,57.46 57.11,57.44 56.96,57.44C56.76,57.44 56.58,57.48 56.43,57.55C56.28,57.62 56.15,57.72 56.04,57.85C55.94,57.99 55.87,58.15 55.81,58.34C55.76,58.53 55.74,58.74 55.74,58.97C55.74,59.22 55.76,59.44 55.82,59.63C55.88,59.82 55.95,59.98 56.06,60.11C56.16,60.24 56.28,60.33 56.43,60.4C56.57,60.47 56.74,60.5 56.92,60.5C57.09,60.5 57.24,60.48 57.35,60.44C57.46,60.4 57.55,60.35 57.62,60.3C57.7,60.25 57.76,60.21 57.81,60.17C57.86,60.13 57.91,60.1 57.96,60.1C58.01,60.1 58.06,60.13 58.09,60.17L58.29,60.43C58.2,60.54 58.1,60.63 57.99,60.71C57.88,60.79 57.76,60.85 57.63,60.91C57.5,60.96 57.37,61 57.22,61.02C57.08,61.04 56.94,61.06 56.79,61.06C56.54,61.06 56.3,61.01 56.08,60.92C55.87,60.82 55.68,60.69 55.52,60.51C55.36,60.33 55.23,60.11 55.14,59.86C55.05,59.6 55.01,59.3 55.01,58.97C55.01,58.67 55.05,58.39 55.13,58.14C55.22,57.88 55.34,57.66 55.5,57.48C55.66,57.29 55.86,57.14 56.1,57.04C56.33,56.94 56.61,56.88 56.91,56.88C57.2,56.88 57.45,56.93 57.66,57.02C57.88,57.11 58.08,57.24 58.24,57.41L58.06,57.67ZM61.7,58.53C61.7,58.37 61.67,58.22 61.63,58.08C61.58,57.94 61.51,57.82 61.42,57.72C61.33,57.62 61.23,57.55 61.1,57.49C60.97,57.44 60.82,57.41 60.66,57.41C60.32,57.41 60.05,57.51 59.85,57.71C59.65,57.91 59.53,58.18 59.48,58.53H61.7ZM62.27,60.43C62.19,60.54 62.08,60.63 61.96,60.71C61.84,60.79 61.7,60.85 61.56,60.9C61.42,60.95 61.28,60.99 61.13,61.02C60.98,61.04 60.83,61.06 60.69,61.06C60.41,61.06 60.15,61.01 59.91,60.92C59.68,60.82 59.47,60.68 59.3,60.5C59.13,60.32 58.99,60.09 58.9,59.82C58.8,59.55 58.75,59.24 58.75,58.89C58.75,58.61 58.8,58.35 58.88,58.1C58.97,57.85 59.1,57.64 59.26,57.46C59.42,57.28 59.62,57.14 59.85,57.04C60.09,56.94 60.35,56.88 60.65,56.88C60.89,56.88 61.11,56.93 61.32,57.01C61.53,57.09 61.7,57.21 61.85,57.36C62.01,57.51 62.12,57.7 62.21,57.93C62.3,58.15 62.34,58.41 62.34,58.7C62.34,58.81 62.33,58.88 62.3,58.92C62.28,58.96 62.23,58.98 62.17,58.98H59.46C59.47,59.23 59.5,59.45 59.56,59.64C59.63,59.83 59.71,59.99 59.83,60.12C59.94,60.25 60.07,60.34 60.23,60.4C60.38,60.47 60.55,60.5 60.75,60.5C60.92,60.5 61.08,60.48 61.21,60.44C61.34,60.39 61.45,60.35 61.54,60.3C61.64,60.25 61.71,60.21 61.77,60.17C61.84,60.13 61.89,60.1 61.94,60.1C62,60.1 62.04,60.13 62.07,60.17L62.27,60.43ZM66.01,56.95V61H65.3V56.95H66.01ZM66.16,55.68C66.16,55.75 66.15,55.81 66.12,55.87C66.09,55.93 66.06,55.98 66.01,56.03C65.96,56.08 65.91,56.11 65.84,56.14C65.78,56.17 65.72,56.18 65.65,56.18C65.58,56.18 65.51,56.17 65.45,56.14C65.39,56.11 65.34,56.08 65.3,56.03C65.25,55.98 65.21,55.93 65.19,55.87C65.16,55.81 65.15,55.75 65.15,55.68C65.15,55.61 65.16,55.54 65.19,55.48C65.21,55.42 65.25,55.36 65.3,55.32C65.34,55.27 65.39,55.23 65.45,55.2C65.51,55.18 65.58,55.16 65.65,55.16C65.72,55.16 65.78,55.18 65.84,55.2C65.91,55.23 65.96,55.27 66.01,55.32C66.06,55.36 66.09,55.42 66.12,55.48C66.15,55.54 66.16,55.61 66.16,55.68ZM67.85,57.54C67.94,57.44 68.03,57.35 68.13,57.27C68.23,57.19 68.34,57.12 68.45,57.06C68.56,57.01 68.67,56.96 68.8,56.93C68.92,56.9 69.06,56.88 69.2,56.88C69.42,56.88 69.62,56.92 69.79,57C69.96,57.07 70.1,57.17 70.21,57.31C70.32,57.44 70.41,57.6 70.47,57.79C70.53,57.98 70.56,58.19 70.56,58.42V61H69.84V58.42C69.84,58.11 69.77,57.88 69.63,57.71C69.49,57.54 69.28,57.45 68.99,57.45C68.78,57.45 68.59,57.5 68.4,57.6C68.22,57.71 68.05,57.84 67.9,58.02V61H67.18V56.95H67.61C67.71,56.95 67.77,57 67.8,57.1L67.85,57.54ZM74.43,55.11V61H73.71V55.11H74.43ZM77.78,59.18C77.45,59.19 77.17,59.21 76.94,59.26C76.71,59.3 76.52,59.35 76.37,59.42C76.23,59.48 76.12,59.56 76.06,59.65C75.99,59.74 75.96,59.84 75.96,59.96C75.96,60.06 75.98,60.15 76.01,60.23C76.05,60.31 76.09,60.37 76.15,60.42C76.21,60.47 76.28,60.51 76.36,60.53C76.45,60.55 76.53,60.56 76.63,60.56C76.75,60.56 76.87,60.55 76.97,60.53C77.08,60.5 77.17,60.46 77.26,60.42C77.36,60.37 77.44,60.31 77.53,60.24C77.61,60.18 77.7,60.1 77.78,60.02V59.18ZM75.48,57.52C75.7,57.3 75.94,57.14 76.2,57.04C76.46,56.93 76.75,56.88 77.06,56.88C77.29,56.88 77.49,56.91 77.66,56.99C77.84,57.06 77.99,57.17 78.11,57.3C78.23,57.43 78.32,57.59 78.38,57.78C78.44,57.97 78.47,58.18 78.47,58.41V61H78.16C78.09,61 78.03,60.99 78,60.97C77.96,60.94 77.93,60.9 77.91,60.83L77.83,60.45C77.72,60.55 77.62,60.63 77.52,60.71C77.41,60.79 77.31,60.85 77.2,60.9C77.08,60.95 76.96,60.99 76.84,61.02C76.71,61.05 76.57,61.06 76.42,61.06C76.26,61.06 76.11,61.04 75.97,61C75.83,60.95 75.71,60.89 75.61,60.8C75.51,60.71 75.43,60.6 75.36,60.47C75.31,60.33 75.28,60.17 75.28,59.99C75.28,59.83 75.32,59.67 75.41,59.53C75.5,59.38 75.64,59.25 75.84,59.13C76.03,59.02 76.29,58.92 76.61,58.85C76.93,58.78 77.31,58.73 77.78,58.72V58.41C77.78,58.09 77.71,57.86 77.57,57.7C77.44,57.53 77.24,57.45 76.98,57.45C76.8,57.45 76.65,57.47 76.53,57.52C76.41,57.56 76.31,57.61 76.22,57.67C76.14,57.72 76.06,57.77 76,57.82C75.94,57.86 75.88,57.88 75.82,57.88C75.77,57.88 75.73,57.87 75.69,57.84C75.66,57.82 75.63,57.79 75.6,57.75L75.48,57.52ZM81.92,57.62C81.88,57.67 81.83,57.7 81.77,57.7C81.73,57.7 81.68,57.69 81.63,57.66C81.58,57.63 81.52,57.6 81.44,57.56C81.37,57.53 81.29,57.49 81.18,57.46C81.08,57.43 80.96,57.42 80.82,57.42C80.7,57.42 80.6,57.43 80.5,57.46C80.4,57.49 80.32,57.53 80.25,57.59C80.19,57.64 80.13,57.7 80.1,57.78C80.06,57.85 80.04,57.92 80.04,58C80.04,58.11 80.07,58.19 80.13,58.26C80.19,58.33 80.27,58.39 80.37,58.44C80.47,58.49 80.58,58.54 80.71,58.58C80.83,58.62 80.96,58.66 81.09,58.7C81.23,58.75 81.35,58.79 81.48,58.85C81.61,58.9 81.72,58.97 81.82,59.05C81.91,59.13 81.99,59.23 82.05,59.34C82.11,59.46 82.14,59.6 82.14,59.76C82.14,59.95 82.11,60.12 82.04,60.28C81.98,60.44 81.88,60.57 81.75,60.69C81.62,60.81 81.46,60.9 81.27,60.96C81.08,61.03 80.86,61.06 80.61,61.06C80.33,61.06 80.07,61.02 79.84,60.93C79.61,60.83 79.42,60.72 79.26,60.57L79.43,60.3C79.45,60.27 79.47,60.24 79.5,60.22C79.53,60.2 79.57,60.19 79.62,60.19C79.66,60.19 79.71,60.21 79.77,60.25C79.82,60.29 79.89,60.33 79.96,60.37C80.04,60.42 80.13,60.46 80.24,60.5C80.35,60.53 80.49,60.55 80.65,60.55C80.79,60.55 80.91,60.53 81.01,60.5C81.12,60.46 81.2,60.41 81.27,60.35C81.34,60.29 81.39,60.22 81.42,60.14C81.46,60.06 81.48,59.97 81.48,59.88C81.48,59.77 81.45,59.68 81.38,59.61C81.33,59.53 81.25,59.47 81.15,59.42C81.05,59.37 80.94,59.32 80.81,59.28C80.68,59.24 80.55,59.2 80.42,59.16C80.29,59.12 80.16,59.07 80.03,59.02C79.91,58.96 79.79,58.89 79.7,58.81C79.6,58.73 79.52,58.62 79.46,58.5C79.4,58.38 79.37,58.23 79.37,58.06C79.37,57.91 79.4,57.76 79.46,57.62C79.53,57.47 79.62,57.35 79.74,57.24C79.87,57.13 80.02,57.04 80.2,56.98C80.37,56.92 80.58,56.88 80.81,56.88C81.07,56.88 81.31,56.93 81.52,57.01C81.74,57.09 81.92,57.21 82.08,57.36L81.92,57.62ZM84.26,61.06C83.94,61.06 83.69,60.97 83.52,60.8C83.35,60.62 83.27,60.36 83.27,60.02V57.54H82.78C82.73,57.54 82.7,57.53 82.67,57.51C82.64,57.48 82.63,57.44 82.63,57.39V57.1L83.29,57.02L83.45,55.77C83.46,55.73 83.48,55.7 83.51,55.67C83.53,55.65 83.57,55.63 83.62,55.63H83.98V57.03H85.15V57.54H83.98V59.98C83.98,60.15 84.02,60.27 84.1,60.36C84.18,60.44 84.29,60.48 84.42,60.48C84.5,60.48 84.56,60.47 84.61,60.45C84.67,60.43 84.72,60.41 84.76,60.38C84.8,60.36 84.83,60.34 84.86,60.32C84.89,60.3 84.91,60.29 84.93,60.29C84.97,60.29 85,60.31 85.03,60.36L85.24,60.7C85.12,60.81 84.97,60.9 84.8,60.97C84.62,61.03 84.45,61.06 84.26,61.06ZM88.82,57.43C89.11,57.37 89.39,57.34 89.64,57.34C89.94,57.34 90.2,57.38 90.43,57.47C90.66,57.56 90.85,57.68 91,57.83C91.16,57.99 91.27,58.17 91.35,58.38C91.43,58.59 91.47,58.82 91.47,59.07C91.47,59.37 91.42,59.65 91.31,59.89C91.21,60.14 91.06,60.35 90.88,60.52C90.69,60.7 90.47,60.83 90.22,60.92C89.97,61.02 89.7,61.06 89.41,61.06C89.24,61.06 89.08,61.05 88.93,61.01C88.77,60.98 88.63,60.94 88.49,60.88C88.36,60.82 88.23,60.76 88.12,60.69C88,60.62 87.9,60.54 87.82,60.46L88.04,60.16C88.08,60.09 88.15,60.05 88.22,60.05C88.28,60.05 88.34,60.07 88.4,60.12C88.47,60.16 88.55,60.2 88.65,60.25C88.74,60.3 88.86,60.35 88.98,60.39C89.11,60.43 89.27,60.45 89.45,60.45C89.65,60.45 89.83,60.42 89.99,60.36C90.15,60.29 90.28,60.2 90.4,60.08C90.51,59.96 90.6,59.82 90.66,59.66C90.72,59.49 90.76,59.31 90.76,59.1C90.76,58.92 90.73,58.76 90.68,58.62C90.62,58.47 90.55,58.35 90.44,58.25C90.34,58.15 90.2,58.07 90.05,58.01C89.89,57.96 89.71,57.93 89.5,57.93C89.35,57.93 89.2,57.94 89.04,57.96C88.89,57.99 88.73,58.03 88.57,58.08L88.12,57.95L88.58,55.27H91.3V55.58C91.3,55.68 91.26,55.77 91.2,55.83C91.14,55.9 91.03,55.93 90.88,55.93H89.08L88.82,57.43ZM95.86,61.06C95.54,61.06 95.3,60.97 95.12,60.8C94.95,60.62 94.87,60.36 94.87,60.02V57.54H94.38C94.34,57.54 94.3,57.53 94.27,57.51C94.24,57.48 94.23,57.44 94.23,57.39V57.1L94.89,57.02L95.05,55.77C95.06,55.73 95.08,55.7 95.11,55.67C95.14,55.65 95.17,55.63 95.22,55.63H95.58V57.03H96.75V57.54H95.58V59.98C95.58,60.15 95.62,60.27 95.7,60.36C95.79,60.44 95.89,60.48 96.02,60.48C96.1,60.48 96.16,60.47 96.21,60.45C96.27,60.43 96.32,60.41 96.36,60.38C96.4,60.36 96.43,60.34 96.46,60.32C96.49,60.3 96.51,60.29 96.53,60.29C96.57,60.29 96.61,60.31 96.63,60.36L96.84,60.7C96.72,60.81 96.57,60.9 96.4,60.97C96.23,61.03 96.05,61.06 95.86,61.06ZM100.17,58.53C100.17,58.37 100.15,58.22 100.1,58.08C100.06,57.94 99.99,57.82 99.9,57.72C99.81,57.62 99.7,57.55 99.57,57.49C99.45,57.44 99.3,57.41 99.14,57.41C98.8,57.41 98.53,57.51 98.33,57.71C98.13,57.91 98.01,58.18 97.96,58.53H100.17ZM100.75,60.43C100.66,60.54 100.56,60.63 100.43,60.71C100.31,60.79 100.18,60.85 100.04,60.9C99.9,60.95 99.76,60.99 99.61,61.02C99.46,61.04 99.31,61.06 99.16,61.06C98.88,61.06 98.62,61.01 98.39,60.92C98.15,60.82 97.95,60.68 97.77,60.5C97.6,60.32 97.47,60.09 97.37,59.82C97.28,59.55 97.23,59.24 97.23,58.89C97.23,58.61 97.27,58.35 97.36,58.1C97.45,57.85 97.57,57.64 97.73,57.46C97.9,57.28 98.1,57.14 98.33,57.04C98.57,56.94 98.83,56.88 99.12,56.88C99.37,56.88 99.59,56.93 99.79,57.01C100,57.09 100.18,57.21 100.33,57.36C100.48,57.51 100.6,57.7 100.69,57.93C100.77,58.15 100.81,58.41 100.81,58.7C100.81,58.81 100.8,58.88 100.78,58.92C100.75,58.96 100.71,58.98 100.64,58.98H97.93C97.94,59.23 97.98,59.45 98.04,59.64C98.1,59.83 98.19,59.99 98.3,60.12C98.41,60.25 98.55,60.34 98.7,60.4C98.86,60.47 99.03,60.5 99.22,60.5C99.4,60.5 99.55,60.48 99.68,60.44C99.81,60.39 99.93,60.35 100.02,60.3C100.11,60.25 100.19,60.21 100.25,60.17C100.31,60.13 100.37,60.1 100.41,60.1C100.47,60.1 100.52,60.13 100.55,60.17L100.75,60.43ZM104.05,57.62C104.02,57.67 103.97,57.7 103.9,57.7C103.86,57.7 103.82,57.69 103.76,57.66C103.71,57.63 103.65,57.6 103.58,57.56C103.5,57.53 103.42,57.49 103.32,57.46C103.22,57.43 103.1,57.42 102.96,57.42C102.84,57.42 102.73,57.43 102.63,57.46C102.54,57.49 102.45,57.53 102.39,57.59C102.32,57.64 102.27,57.7 102.23,57.78C102.19,57.85 102.18,57.92 102.18,58C102.18,58.11 102.21,58.19 102.26,58.26C102.33,58.33 102.41,58.39 102.5,58.44C102.6,58.49 102.72,58.54 102.84,58.58C102.97,58.62 103.09,58.66 103.22,58.7C103.36,58.75 103.49,58.79 103.61,58.85C103.74,58.9 103.85,58.97 103.95,59.05C104.05,59.13 104.13,59.23 104.18,59.34C104.25,59.46 104.28,59.6 104.28,59.76C104.28,59.95 104.24,60.12 104.18,60.28C104.11,60.44 104.01,60.57 103.88,60.69C103.75,60.81 103.59,60.9 103.4,60.96C103.21,61.03 102.99,61.06 102.75,61.06C102.46,61.06 102.21,61.02 101.98,60.93C101.75,60.83 101.55,60.72 101.39,60.57L101.56,60.3C101.58,60.27 101.61,60.24 101.64,60.22C101.67,60.2 101.7,60.19 101.75,60.19C101.8,60.19 101.85,60.21 101.9,60.25C101.95,60.29 102.02,60.33 102.09,60.37C102.17,60.42 102.26,60.46 102.37,60.5C102.48,60.53 102.62,60.55 102.78,60.55C102.92,60.55 103.04,60.53 103.14,60.5C103.25,60.46 103.34,60.41 103.4,60.35C103.47,60.29 103.53,60.22 103.56,60.14C103.59,60.06 103.61,59.97 103.61,59.88C103.61,59.77 103.58,59.68 103.52,59.61C103.46,59.53 103.38,59.47 103.28,59.42C103.18,59.37 103.07,59.32 102.94,59.28C102.82,59.24 102.69,59.2 102.55,59.16C102.42,59.12 102.29,59.07 102.17,59.02C102.04,58.96 101.93,58.89 101.83,58.81C101.73,58.73 101.65,58.62 101.59,58.5C101.53,58.38 101.5,58.23 101.5,58.06C101.5,57.91 101.53,57.76 101.6,57.62C101.66,57.47 101.75,57.35 101.88,57.24C102,57.13 102.15,57.04 102.33,56.98C102.51,56.92 102.71,56.88 102.94,56.88C103.21,56.88 103.45,56.93 103.66,57.01C103.87,57.09 104.05,57.21 104.21,57.36L104.05,57.62ZM106.39,61.06C106.07,61.06 105.83,60.97 105.65,60.8C105.48,60.62 105.4,60.36 105.4,60.02V57.54H104.91C104.87,57.54 104.83,57.53 104.8,57.51C104.77,57.48 104.76,57.44 104.76,57.39V57.1L105.42,57.02L105.59,55.77C105.59,55.73 105.61,55.7 105.64,55.67C105.67,55.65 105.71,55.63 105.75,55.63H106.11V57.03H107.28V57.54H106.11V59.98C106.11,60.15 106.15,60.27 106.23,60.36C106.32,60.44 106.42,60.48 106.55,60.48C106.63,60.48 106.69,60.47 106.75,60.45C106.8,60.43 106.85,60.41 106.89,60.38C106.93,60.36 106.96,60.34 106.99,60.32C107.02,60.3 107.04,60.29 107.07,60.29C107.1,60.29 107.14,60.31 107.17,60.36L107.37,60.7C107.25,60.81 107.1,60.9 106.93,60.97C106.76,61.03 106.58,61.06 106.39,61.06Z"
      android:fillColor="#707070"/>
  <path
      android:pathData="M6.91,3.38H4.13V11H2.97V3.38H0.18V2.4H6.91V3.38ZM10.54,7.3C10.54,7.05 10.5,6.82 10.43,6.62C10.36,6.41 10.26,6.23 10.13,6.09C9.99,5.93 9.83,5.82 9.64,5.74C9.45,5.65 9.23,5.61 8.98,5.61C8.47,5.61 8.07,5.76 7.77,6.06C7.47,6.36 7.29,6.77 7.22,7.3H10.54ZM11.4,10.15C11.27,10.31 11.11,10.45 10.93,10.57C10.74,10.68 10.55,10.78 10.34,10.86C10.13,10.93 9.91,10.99 9.69,11.02C9.46,11.06 9.24,11.08 9.02,11.08C8.6,11.08 8.21,11.01 7.86,10.87C7.51,10.73 7.2,10.52 6.94,10.25C6.68,9.97 6.48,9.63 6.34,9.23C6.2,8.83 6.12,8.36 6.12,7.84C6.12,7.41 6.19,7.02 6.32,6.65C6.45,6.28 6.64,5.96 6.88,5.7C7.12,5.42 7.42,5.21 7.77,5.06C8.13,4.9 8.52,4.83 8.96,4.83C9.32,4.83 9.66,4.89 9.97,5.01C10.28,5.13 10.55,5.31 10.77,5.54C11,5.77 11.18,6.05 11.31,6.39C11.44,6.73 11.5,7.11 11.5,7.54C11.5,7.71 11.48,7.82 11.44,7.88C11.41,7.94 11.34,7.96 11.24,7.96H7.18C7.19,8.35 7.24,8.68 7.34,8.97C7.43,9.25 7.56,9.49 7.73,9.68C7.9,9.87 8.1,10.01 8.33,10.11C8.56,10.2 8.82,10.24 9.11,10.24C9.38,10.24 9.61,10.21 9.8,10.15C10,10.09 10.16,10.02 10.31,9.95C10.44,9.88 10.56,9.81 10.65,9.75C10.75,9.69 10.83,9.66 10.9,9.66C10.99,9.66 11.06,9.69 11.1,9.76L11.4,10.15ZM16.35,5.92C16.3,6.01 16.23,6.06 16.13,6.06C16.07,6.06 16,6.03 15.92,5.99C15.85,5.95 15.75,5.9 15.64,5.85C15.53,5.79 15.4,5.74 15.25,5.7C15.1,5.65 14.92,5.62 14.71,5.62C14.53,5.62 14.37,5.65 14.23,5.7C14.08,5.74 13.96,5.8 13.85,5.88C13.75,5.96 13.68,6.06 13.62,6.16C13.57,6.27 13.54,6.38 13.54,6.51C13.54,6.66 13.59,6.79 13.67,6.9C13.77,7 13.89,7.09 14.03,7.17C14.18,7.24 14.35,7.31 14.54,7.37C14.73,7.43 14.92,7.49 15.11,7.56C15.31,7.62 15.51,7.69 15.7,7.77C15.88,7.85 16.05,7.95 16.2,8.07C16.35,8.19 16.47,8.34 16.55,8.52C16.65,8.69 16.69,8.9 16.69,9.14C16.69,9.42 16.64,9.68 16.54,9.92C16.44,10.16 16.29,10.36 16.1,10.54C15.9,10.71 15.66,10.85 15.38,10.95C15.09,11.05 14.77,11.1 14.39,11.1C13.97,11.1 13.59,11.03 13.24,10.89C12.9,10.75 12.61,10.57 12.37,10.36L12.62,9.95C12.65,9.9 12.69,9.86 12.73,9.83C12.78,9.8 12.83,9.79 12.9,9.79C12.97,9.79 13.05,9.82 13.13,9.87C13.21,9.93 13.3,9.99 13.42,10.06C13.53,10.13 13.67,10.19 13.84,10.24C14,10.3 14.2,10.33 14.45,10.33C14.66,10.33 14.84,10.3 14.99,10.25C15.15,10.19 15.28,10.12 15.38,10.03C15.49,9.94 15.56,9.83 15.61,9.71C15.66,9.59 15.69,9.46 15.69,9.33C15.69,9.16 15.64,9.02 15.55,8.91C15.46,8.8 15.35,8.71 15.2,8.63C15.05,8.55 14.88,8.48 14.69,8.43C14.5,8.37 14.31,8.3 14.11,8.24C13.91,8.18 13.72,8.1 13.52,8.02C13.34,7.94 13.17,7.84 13.02,7.71C12.87,7.59 12.75,7.44 12.66,7.26C12.57,7.07 12.53,6.85 12.53,6.59C12.53,6.36 12.58,6.14 12.67,5.92C12.77,5.71 12.91,5.52 13.09,5.36C13.28,5.2 13.5,5.07 13.77,4.97C14.04,4.87 14.34,4.83 14.69,4.83C15.09,4.83 15.45,4.89 15.76,5.02C16.08,5.14 16.36,5.31 16.59,5.53L16.35,5.92ZM19.87,11.1C19.39,11.1 19.02,10.96 18.76,10.69C18.5,10.43 18.37,10.04 18.37,9.54V5.82H17.64C17.58,5.82 17.52,5.8 17.48,5.76C17.44,5.72 17.41,5.66 17.41,5.58V5.16L18.41,5.03L18.66,3.15C18.67,3.09 18.69,3.04 18.73,3.01C18.78,2.97 18.83,2.95 18.9,2.95H19.44V5.04H21.2V5.82H19.44V9.46C19.44,9.72 19.5,9.91 19.63,10.03C19.75,10.16 19.91,10.22 20.11,10.22C20.22,10.22 20.32,10.21 20.4,10.18C20.48,10.15 20.55,10.11 20.61,10.08C20.67,10.04 20.72,10.01 20.76,9.98C20.81,9.95 20.84,9.93 20.88,9.93C20.93,9.93 20.98,9.97 21.03,10.03L21.34,10.54C21.15,10.72 20.93,10.85 20.67,10.95C20.41,11.05 20.14,11.1 19.87,11.1ZM28.01,6.57C28.34,6.57 28.64,6.53 28.9,6.45C29.16,6.36 29.37,6.25 29.54,6.1C29.72,5.95 29.85,5.77 29.94,5.56C30.03,5.35 30.07,5.12 30.07,4.87C30.07,4.36 29.9,3.97 29.57,3.71C29.23,3.45 28.73,3.32 28.06,3.32H26.78V6.57H28.01ZM31.98,11H30.95C30.74,11 30.58,10.92 30.48,10.75L28.25,7.68C28.18,7.59 28.11,7.52 28.03,7.48C27.95,7.43 27.83,7.41 27.67,7.41H26.78V11H25.63V2.4H28.06C28.6,2.4 29.07,2.46 29.47,2.57C29.86,2.68 30.19,2.84 30.44,3.04C30.7,3.25 30.9,3.5 31.02,3.8C31.14,4.09 31.21,4.42 31.21,4.78C31.21,5.09 31.16,5.37 31.06,5.64C30.97,5.9 30.83,6.14 30.64,6.35C30.46,6.56 30.24,6.74 29.98,6.88C29.72,7.03 29.42,7.14 29.09,7.22C29.24,7.3 29.36,7.43 29.47,7.59L31.98,11ZM36.58,7.3C36.58,7.05 36.54,6.82 36.47,6.62C36.4,6.41 36.3,6.23 36.16,6.09C36.03,5.93 35.87,5.82 35.68,5.74C35.49,5.65 35.27,5.61 35.02,5.61C34.51,5.61 34.11,5.76 33.81,6.06C33.51,6.36 33.33,6.77 33.25,7.3H36.58ZM37.44,10.15C37.31,10.31 37.15,10.45 36.97,10.57C36.78,10.68 36.59,10.78 36.37,10.86C36.17,10.93 35.95,10.99 35.73,11.02C35.5,11.06 35.28,11.08 35.06,11.08C34.64,11.08 34.25,11.01 33.9,10.87C33.54,10.73 33.24,10.52 32.98,10.25C32.72,9.97 32.52,9.63 32.38,9.23C32.23,8.83 32.16,8.36 32.16,7.84C32.16,7.41 32.23,7.02 32.35,6.65C32.49,6.28 32.67,5.96 32.92,5.7C33.16,5.42 33.46,5.21 33.81,5.06C34.16,4.9 34.56,4.83 35,4.83C35.36,4.83 35.7,4.89 36.01,5.01C36.32,5.13 36.59,5.31 36.81,5.54C37.04,5.77 37.22,6.05 37.35,6.39C37.47,6.73 37.54,7.11 37.54,7.54C37.54,7.71 37.52,7.82 37.48,7.88C37.45,7.94 37.38,7.96 37.28,7.96H33.22C33.23,8.35 33.28,8.68 33.37,8.97C33.47,9.25 33.6,9.49 33.77,9.68C33.94,9.87 34.14,10.01 34.37,10.11C34.6,10.2 34.86,10.24 35.15,10.24C35.42,10.24 35.65,10.21 35.84,10.15C36.04,10.09 36.2,10.02 36.34,9.95C36.48,9.88 36.6,9.81 36.69,9.75C36.79,9.69 36.87,9.66 36.94,9.66C37.03,9.66 37.09,9.69 37.14,9.76L37.44,10.15ZM42.39,5.92C42.34,6.01 42.27,6.06 42.17,6.06C42.11,6.06 42.04,6.03 41.96,5.99C41.89,5.95 41.79,5.9 41.68,5.85C41.57,5.79 41.44,5.74 41.29,5.7C41.14,5.65 40.96,5.62 40.75,5.62C40.57,5.62 40.41,5.65 40.27,5.7C40.12,5.74 40,5.8 39.89,5.88C39.79,5.96 39.72,6.06 39.66,6.16C39.61,6.27 39.58,6.38 39.58,6.51C39.58,6.66 39.63,6.79 39.71,6.9C39.81,7 39.93,7.09 40.07,7.17C40.22,7.24 40.39,7.31 40.58,7.37C40.77,7.43 40.96,7.49 41.15,7.56C41.35,7.62 41.55,7.69 41.74,7.77C41.92,7.85 42.09,7.95 42.24,8.07C42.39,8.19 42.51,8.34 42.59,8.52C42.69,8.69 42.73,8.9 42.73,9.14C42.73,9.42 42.68,9.68 42.58,9.92C42.48,10.16 42.33,10.36 42.14,10.54C41.94,10.71 41.7,10.85 41.42,10.95C41.13,11.05 40.81,11.1 40.43,11.1C40.01,11.1 39.63,11.03 39.28,10.89C38.94,10.75 38.65,10.57 38.41,10.36L38.66,9.95C38.69,9.9 38.73,9.86 38.77,9.83C38.82,9.8 38.87,9.79 38.94,9.79C39.01,9.79 39.09,9.82 39.17,9.87C39.25,9.93 39.34,9.99 39.46,10.06C39.57,10.13 39.71,10.19 39.88,10.24C40.04,10.3 40.24,10.33 40.49,10.33C40.7,10.33 40.88,10.3 41.03,10.25C41.19,10.19 41.32,10.12 41.42,10.03C41.53,9.94 41.6,9.83 41.65,9.71C41.7,9.59 41.73,9.46 41.73,9.33C41.73,9.16 41.68,9.02 41.59,8.91C41.5,8.8 41.39,8.71 41.24,8.63C41.09,8.55 40.92,8.48 40.73,8.43C40.54,8.37 40.35,8.3 40.15,8.24C39.95,8.18 39.76,8.1 39.56,8.02C39.38,7.94 39.21,7.84 39.06,7.71C38.91,7.59 38.79,7.44 38.7,7.26C38.61,7.07 38.57,6.85 38.57,6.59C38.57,6.36 38.62,6.14 38.71,5.92C38.81,5.71 38.95,5.52 39.13,5.36C39.32,5.2 39.54,5.07 39.81,4.97C40.08,4.87 40.38,4.83 40.73,4.83C41.13,4.83 41.49,4.89 41.8,5.02C42.12,5.14 42.4,5.31 42.63,5.53L42.39,5.92ZM49.04,4.92V11H48.4C48.25,11 48.16,10.93 48.12,10.78L48.03,10.12C47.77,10.42 47.47,10.65 47.14,10.83C46.82,11.01 46.44,11.1 46.02,11.1C45.68,11.1 45.39,11.04 45.13,10.93C44.88,10.82 44.67,10.67 44.5,10.47C44.33,10.27 44.2,10.02 44.11,9.74C44.02,9.46 43.98,9.14 43.98,8.8V4.92H45.05V8.8C45.05,9.26 45.15,9.61 45.36,9.87C45.57,10.12 45.9,10.24 46.33,10.24C46.64,10.24 46.94,10.17 47.21,10.02C47.49,9.87 47.74,9.66 47.97,9.4V4.92H49.04ZM51.84,2.16V11H50.77V2.16H51.84ZM55.43,11.1C54.95,11.1 54.58,10.96 54.32,10.69C54.07,10.43 53.94,10.04 53.94,9.54V5.82H53.21C53.14,5.82 53.09,5.8 53.05,5.76C53,5.72 52.98,5.66 52.98,5.58V5.16L53.98,5.03L54.22,3.15C54.23,3.09 54.26,3.04 54.3,3.01C54.34,2.97 54.4,2.95 54.47,2.95H55.01V5.04H56.77V5.82H55.01V9.46C55.01,9.72 55.07,9.91 55.19,10.03C55.32,10.16 55.48,10.22 55.67,10.22C55.79,10.22 55.88,10.21 55.96,10.18C56.05,10.15 56.12,10.11 56.18,10.08C56.24,10.04 56.29,10.01 56.33,9.98C56.37,9.95 56.41,9.93 56.44,9.93C56.5,9.93 56.55,9.97 56.59,10.03L56.9,10.54C56.72,10.72 56.5,10.85 56.24,10.95C55.98,11.05 55.71,11.1 55.43,11.1ZM61.41,5.92C61.36,6.01 61.29,6.06 61.19,6.06C61.13,6.06 61.06,6.03 60.98,5.99C60.91,5.95 60.81,5.9 60.7,5.85C60.59,5.79 60.46,5.74 60.31,5.7C60.16,5.65 59.98,5.62 59.77,5.62C59.59,5.62 59.43,5.65 59.29,5.7C59.14,5.74 59.02,5.8 58.91,5.88C58.81,5.96 58.74,6.06 58.68,6.16C58.63,6.27 58.6,6.38 58.6,6.51C58.6,6.66 58.65,6.79 58.73,6.9C58.83,7 58.95,7.09 59.09,7.17C59.24,7.24 59.41,7.31 59.6,7.37C59.79,7.43 59.98,7.49 60.17,7.56C60.37,7.62 60.57,7.69 60.76,7.77C60.94,7.85 61.11,7.95 61.26,8.07C61.41,8.19 61.53,8.34 61.61,8.52C61.71,8.69 61.75,8.9 61.75,9.14C61.75,9.42 61.7,9.68 61.6,9.92C61.5,10.16 61.35,10.36 61.16,10.54C60.96,10.71 60.72,10.85 60.44,10.95C60.15,11.05 59.83,11.1 59.45,11.1C59.03,11.1 58.65,11.03 58.3,10.89C57.96,10.75 57.67,10.57 57.43,10.36L57.68,9.95C57.71,9.9 57.75,9.86 57.79,9.83C57.84,9.8 57.89,9.79 57.96,9.79C58.03,9.79 58.11,9.82 58.19,9.87C58.27,9.93 58.36,9.99 58.48,10.06C58.59,10.13 58.73,10.19 58.9,10.24C59.06,10.3 59.26,10.33 59.51,10.33C59.72,10.33 59.9,10.3 60.05,10.25C60.21,10.19 60.34,10.12 60.44,10.03C60.55,9.94 60.62,9.83 60.67,9.71C60.72,9.59 60.75,9.46 60.75,9.33C60.75,9.16 60.7,9.02 60.61,8.91C60.52,8.8 60.41,8.71 60.26,8.63C60.11,8.55 59.94,8.48 59.75,8.43C59.56,8.37 59.37,8.3 59.17,8.24C58.97,8.18 58.78,8.1 58.58,8.02C58.4,7.94 58.23,7.84 58.08,7.71C57.93,7.59 57.81,7.44 57.72,7.26C57.63,7.07 57.59,6.85 57.59,6.59C57.59,6.36 57.64,6.14 57.73,5.92C57.83,5.71 57.97,5.52 58.15,5.36C58.34,5.2 58.56,5.07 58.83,4.97C59.1,4.87 59.4,4.83 59.75,4.83C60.15,4.83 60.51,4.89 60.82,5.02C61.14,5.14 61.42,5.31 61.65,5.53L61.41,5.92Z"
      android:fillColor="#707070"/>
  <path
      android:pathData="M4,104L292,104A4,4 0,0 1,296 108L296,108A4,4 0,0 1,292 112L4,112A4,4 0,0 1,0 108L0,108A4,4 0,0 1,4 104z"
      android:fillColor="#ffffff"/>
  <path
      android:pathData="M4,138L292,138A4,4 0,0 1,296 142L296,142A4,4 0,0 1,292 146L4,146A4,4 0,0 1,0 142L0,142A4,4 0,0 1,4 138z"
      android:fillColor="#ffffff"/>
  <path
      android:pathData="M4,174L292,174A4,4 0,0 1,296 178L296,178A4,4 0,0 1,292 182L4,182A4,4 0,0 1,0 178L0,178A4,4 0,0 1,4 174z"
      android:fillColor="#ffffff"/>
  <path
      android:pathData="M4,210L292,210A4,4 0,0 1,296 214L296,214A4,4 0,0 1,292 218L4,218A4,4 0,0 1,0 214L0,214A4,4 0,0 1,4 210z"
      android:fillColor="#ffffff"/>
  <path
      android:pathData="M4,104L254,104A4,4 0,0 1,258 108L258,108A4,4 0,0 1,254 112L4,112A4,4 0,0 1,0 108L0,108A4,4 0,0 1,4 104z"
      android:fillColor="#9163D7"/>
  <path
      android:pathData="M4,138L237,138A4,4 0,0 1,241 142L241,142A4,4 0,0 1,237 146L4,146A4,4 0,0 1,0 142L0,142A4,4 0,0 1,4 138z"
      android:fillColor="#9163D7"/>
  <path
      android:pathData="M4,174L213,174A4,4 0,0 1,217 178L217,178A4,4 0,0 1,213 182L4,182A4,4 0,0 1,0 178L0,178A4,4 0,0 1,4 174z"
      android:fillColor="#9163D7"/>
  <path
      android:pathData="M4,210L244,210A4,4 0,0 1,248 214L248,214A4,4 0,0 1,244 218L4,218A4,4 0,0 1,0 214L0,214A4,4 0,0 1,4 210z"
      android:fillColor="#9163D7"/>
  <path
      android:pathData="M6.91,91.38H4.13V99H2.97V91.38H0.18V90.4H6.91V91.38ZM10.54,95.3C10.54,95.05 10.5,94.82 10.43,94.62C10.36,94.41 10.26,94.23 10.13,94.09C9.99,93.93 9.83,93.82 9.64,93.74C9.45,93.65 9.23,93.61 8.98,93.61C8.47,93.61 8.07,93.76 7.77,94.06C7.47,94.36 7.29,94.77 7.22,95.3H10.54ZM11.4,98.15C11.27,98.31 11.11,98.45 10.93,98.57C10.74,98.68 10.55,98.78 10.34,98.86C10.13,98.93 9.91,98.99 9.69,99.02C9.46,99.06 9.24,99.08 9.02,99.08C8.6,99.08 8.21,99.01 7.86,98.87C7.51,98.73 7.2,98.52 6.94,98.25C6.68,97.97 6.48,97.63 6.34,97.23C6.2,96.83 6.12,96.36 6.12,95.84C6.12,95.41 6.19,95.02 6.32,94.65C6.45,94.28 6.64,93.96 6.88,93.7C7.12,93.42 7.42,93.21 7.77,93.06C8.13,92.9 8.52,92.83 8.96,92.83C9.32,92.83 9.66,92.89 9.97,93.01C10.28,93.13 10.55,93.31 10.77,93.54C11,93.77 11.18,94.05 11.31,94.39C11.44,94.73 11.5,95.11 11.5,95.54C11.5,95.71 11.48,95.82 11.44,95.88C11.41,95.94 11.34,95.96 11.24,95.96H7.18C7.19,96.35 7.24,96.68 7.34,96.97C7.43,97.25 7.56,97.49 7.73,97.68C7.9,97.87 8.1,98.01 8.33,98.11C8.56,98.2 8.82,98.24 9.11,98.24C9.38,98.24 9.61,98.21 9.8,98.15C10,98.09 10.16,98.02 10.31,97.95C10.44,97.88 10.56,97.81 10.65,97.75C10.75,97.69 10.83,97.66 10.9,97.66C10.99,97.66 11.06,97.69 11.1,97.76L11.4,98.15ZM16.35,93.92C16.3,94.01 16.23,94.06 16.13,94.06C16.07,94.06 16,94.03 15.92,93.99C15.85,93.95 15.75,93.9 15.64,93.85C15.53,93.79 15.4,93.74 15.25,93.7C15.1,93.65 14.92,93.62 14.71,93.62C14.53,93.62 14.37,93.65 14.23,93.7C14.08,93.74 13.96,93.8 13.85,93.88C13.75,93.96 13.68,94.06 13.62,94.16C13.57,94.27 13.54,94.38 13.54,94.51C13.54,94.66 13.59,94.79 13.67,94.9C13.77,95 13.89,95.09 14.03,95.17C14.18,95.24 14.35,95.31 14.54,95.37C14.73,95.43 14.92,95.49 15.11,95.56C15.31,95.62 15.51,95.69 15.7,95.77C15.88,95.85 16.05,95.95 16.2,96.07C16.35,96.19 16.47,96.34 16.55,96.52C16.65,96.69 16.69,96.9 16.69,97.14C16.69,97.42 16.64,97.68 16.54,97.92C16.44,98.16 16.29,98.36 16.1,98.54C15.9,98.71 15.66,98.85 15.38,98.95C15.09,99.05 14.77,99.1 14.39,99.1C13.97,99.1 13.59,99.03 13.24,98.89C12.9,98.75 12.61,98.57 12.37,98.36L12.62,97.95C12.65,97.9 12.69,97.86 12.73,97.83C12.78,97.8 12.83,97.79 12.9,97.79C12.97,97.79 13.05,97.82 13.13,97.87C13.21,97.93 13.3,97.99 13.42,98.06C13.53,98.13 13.67,98.19 13.84,98.24C14,98.3 14.2,98.33 14.45,98.33C14.66,98.33 14.84,98.3 14.99,98.25C15.15,98.19 15.28,98.12 15.38,98.03C15.49,97.94 15.56,97.83 15.61,97.71C15.66,97.59 15.69,97.46 15.69,97.33C15.69,97.16 15.64,97.02 15.55,96.91C15.46,96.8 15.35,96.71 15.2,96.63C15.05,96.55 14.88,96.48 14.69,96.43C14.5,96.37 14.31,96.3 14.11,96.24C13.91,96.18 13.72,96.1 13.52,96.02C13.34,95.94 13.17,95.84 13.02,95.71C12.87,95.59 12.75,95.44 12.66,95.26C12.57,95.07 12.53,94.85 12.53,94.59C12.53,94.36 12.58,94.14 12.67,93.92C12.77,93.71 12.91,93.52 13.09,93.36C13.28,93.2 13.5,93.07 13.77,92.97C14.04,92.87 14.34,92.83 14.69,92.83C15.09,92.83 15.45,92.89 15.76,93.02C16.08,93.14 16.36,93.31 16.59,93.53L16.35,93.92ZM19.87,99.1C19.39,99.1 19.02,98.96 18.76,98.69C18.5,98.43 18.37,98.04 18.37,97.54V93.82H17.64C17.58,93.82 17.52,93.8 17.48,93.76C17.44,93.72 17.41,93.66 17.41,93.58V93.16L18.41,93.03L18.66,91.15C18.67,91.09 18.69,91.04 18.73,91.01C18.78,90.97 18.83,90.95 18.9,90.95H19.44V93.04H21.2V93.82H19.44V97.46C19.44,97.72 19.5,97.91 19.63,98.03C19.75,98.16 19.91,98.22 20.11,98.22C20.22,98.22 20.32,98.21 20.4,98.18C20.48,98.15 20.55,98.11 20.61,98.08C20.67,98.04 20.72,98.01 20.76,97.98C20.81,97.95 20.84,97.93 20.88,97.93C20.93,97.93 20.98,97.97 21.03,98.03L21.34,98.54C21.15,98.72 20.93,98.85 20.67,98.95C20.41,99.05 20.14,99.1 19.87,99.1ZM30.64,98.18V99H26.03V98.18H27.87V92.32C27.87,92.15 27.88,91.97 27.89,91.79L26.36,93.1C26.31,93.15 26.25,93.17 26.2,93.19C26.15,93.19 26.1,93.19 26.06,93.19C26.01,93.18 25.97,93.16 25.93,93.14C25.9,93.11 25.87,93.09 25.85,93.06L25.51,92.6L28.07,90.38H28.94V98.18H30.64Z"
      android:fillColor="#707070"/>
  <path
      android:pathData="M244.32,93.27V93.59C244.32,93.68 244.31,93.75 244.29,93.81C244.27,93.87 244.26,93.92 244.24,93.96L241.86,98.75C241.82,98.82 241.78,98.88 241.72,98.93C241.65,98.98 241.57,99 241.47,99H240.96L243.37,94.27C243.4,94.21 243.44,94.14 243.48,94.09C243.51,94.03 243.55,93.98 243.6,93.93H240.6C240.56,93.93 240.52,93.91 240.48,93.88C240.45,93.84 240.43,93.8 240.43,93.75V93.27H244.32ZM245.77,94.95C245.77,95.13 245.8,95.3 245.85,95.44C245.9,95.58 245.98,95.7 246.07,95.8C246.17,95.9 246.29,95.97 246.43,96.02C246.57,96.07 246.73,96.1 246.9,96.1C247.09,96.1 247.26,96.07 247.41,96.01C247.56,95.94 247.68,95.86 247.79,95.76C247.89,95.65 247.96,95.53 248.02,95.4C248.07,95.26 248.1,95.12 248.1,94.97C248.1,94.79 248.07,94.63 248.01,94.49C247.95,94.34 247.87,94.22 247.77,94.12C247.67,94.01 247.55,93.94 247.41,93.88C247.27,93.83 247.12,93.8 246.95,93.8C246.77,93.8 246.61,93.83 246.47,93.89C246.32,93.94 246.2,94.02 246.1,94.12C245.99,94.23 245.91,94.35 245.86,94.49C245.8,94.63 245.77,94.78 245.77,94.95ZM247.44,96.72C247.49,96.64 247.55,96.57 247.6,96.5C247.65,96.43 247.7,96.36 247.74,96.29C247.6,96.41 247.43,96.49 247.25,96.56C247.07,96.62 246.87,96.65 246.66,96.65C246.45,96.65 246.24,96.61 246.05,96.54C245.86,96.47 245.69,96.36 245.54,96.22C245.39,96.08 245.28,95.91 245.19,95.71C245.1,95.5 245.06,95.27 245.06,95C245.06,94.75 245.11,94.52 245.2,94.3C245.29,94.08 245.43,93.89 245.59,93.73C245.76,93.57 245.96,93.44 246.19,93.34C246.43,93.25 246.68,93.2 246.96,93.2C247.23,93.2 247.48,93.25 247.71,93.34C247.93,93.43 248.12,93.56 248.28,93.72C248.44,93.88 248.56,94.08 248.65,94.3C248.74,94.53 248.78,94.78 248.78,95.06C248.78,95.22 248.76,95.38 248.73,95.53C248.7,95.67 248.66,95.82 248.6,95.96C248.54,96.11 248.48,96.25 248.39,96.39C248.31,96.53 248.22,96.67 248.11,96.82L246.72,98.83C246.68,98.88 246.63,98.92 246.57,98.96C246.51,98.99 246.43,99 246.35,99H245.69L247.44,96.72ZM252.17,94.65C252.17,94.88 252.13,95.08 252.07,95.26C252,95.43 251.9,95.58 251.79,95.7C251.67,95.82 251.54,95.92 251.38,95.98C251.23,96.04 251.07,96.08 250.9,96.08C250.72,96.08 250.55,96.04 250.4,95.98C250.24,95.92 250.11,95.82 249.99,95.7C249.88,95.58 249.79,95.43 249.73,95.26C249.66,95.08 249.63,94.88 249.63,94.65C249.63,94.42 249.66,94.22 249.73,94.04C249.79,93.86 249.88,93.71 249.99,93.59C250.11,93.47 250.24,93.37 250.4,93.31C250.55,93.24 250.72,93.21 250.9,93.21C251.08,93.21 251.25,93.24 251.4,93.31C251.56,93.37 251.69,93.47 251.8,93.59C251.92,93.71 252.01,93.86 252.07,94.04C252.14,94.22 252.17,94.42 252.17,94.65ZM251.62,94.65C251.62,94.48 251.6,94.33 251.56,94.2C251.52,94.08 251.47,93.98 251.4,93.9C251.34,93.82 251.26,93.77 251.18,93.73C251.09,93.7 251,93.68 250.9,93.68C250.8,93.68 250.71,93.7 250.62,93.73C250.54,93.77 250.46,93.82 250.4,93.9C250.33,93.98 250.28,94.08 250.24,94.2C250.21,94.33 250.19,94.48 250.19,94.65C250.19,94.83 250.21,94.97 250.24,95.1C250.28,95.22 250.33,95.31 250.4,95.39C250.46,95.47 250.54,95.52 250.62,95.56C250.71,95.59 250.8,95.6 250.9,95.6C251,95.6 251.09,95.59 251.18,95.56C251.26,95.52 251.34,95.47 251.4,95.39C251.47,95.31 251.52,95.22 251.56,95.1C251.6,94.97 251.62,94.83 251.62,94.65ZM254.2,93.39C254.22,93.36 254.26,93.33 254.29,93.3C254.33,93.28 254.38,93.27 254.44,93.27H254.95L250.76,98.88C250.74,98.92 250.71,98.95 250.67,98.97C250.63,98.99 250.59,99 250.53,99H250.01L254.2,93.39ZM255.34,97.65C255.34,97.87 255.31,98.07 255.24,98.25C255.17,98.42 255.07,98.57 254.96,98.7C254.84,98.82 254.71,98.91 254.55,98.97C254.4,99.04 254.24,99.07 254.07,99.07C253.89,99.07 253.72,99.04 253.57,98.97C253.41,98.91 253.28,98.82 253.16,98.7C253.05,98.57 252.96,98.42 252.9,98.25C252.84,98.07 252.8,97.87 252.8,97.65C252.8,97.42 252.84,97.21 252.9,97.04C252.96,96.85 253.05,96.7 253.16,96.58C253.28,96.46 253.41,96.36 253.57,96.3C253.72,96.24 253.89,96.2 254.07,96.2C254.25,96.2 254.41,96.24 254.57,96.3C254.73,96.36 254.86,96.46 254.97,96.58C255.09,96.7 255.18,96.85 255.24,97.04C255.31,97.21 255.34,97.42 255.34,97.65ZM254.79,97.65C254.79,97.47 254.77,97.32 254.73,97.2C254.7,97.07 254.64,96.97 254.58,96.9C254.51,96.82 254.44,96.76 254.35,96.73C254.26,96.69 254.17,96.68 254.07,96.68C253.97,96.68 253.88,96.69 253.79,96.73C253.7,96.76 253.63,96.82 253.57,96.9C253.5,96.97 253.45,97.07 253.41,97.2C253.38,97.32 253.36,97.47 253.36,97.65C253.36,97.82 253.38,97.97 253.41,98.09C253.45,98.21 253.5,98.31 253.57,98.38C253.63,98.46 253.7,98.51 253.79,98.55C253.88,98.58 253.97,98.6 254.07,98.6C254.17,98.6 254.26,98.58 254.35,98.55C254.44,98.51 254.51,98.46 254.58,98.38C254.64,98.31 254.7,98.21 254.73,98.09C254.77,97.97 254.79,97.82 254.79,97.65Z"
      android:fillColor="#707070"/>
  <path
      android:pathData="M199.31,168.47C199.5,168.47 199.68,168.44 199.83,168.38C199.99,168.32 200.12,168.23 200.23,168.12C200.34,168.01 200.43,167.88 200.49,167.74C200.55,167.59 200.58,167.42 200.58,167.25C200.58,167.06 200.55,166.89 200.49,166.74C200.43,166.59 200.35,166.46 200.24,166.36C200.13,166.25 200.01,166.17 199.86,166.12C199.71,166.06 199.54,166.03 199.36,166.03C199.17,166.03 199,166.07 198.84,166.13C198.69,166.2 198.56,166.28 198.45,166.4C198.34,166.51 198.26,166.63 198.2,166.78C198.14,166.92 198.12,167.07 198.12,167.23C198.12,167.42 198.14,167.58 198.2,167.74C198.25,167.89 198.33,168.02 198.43,168.13C198.53,168.24 198.66,168.32 198.8,168.38C198.95,168.44 199.12,168.47 199.31,168.47ZM198.9,165.42C198.85,165.48 198.8,165.54 198.75,165.6C198.7,165.66 198.66,165.72 198.62,165.78C198.75,165.69 198.9,165.62 199.06,165.56C199.23,165.51 199.4,165.49 199.6,165.49C199.83,165.49 200.05,165.53 200.25,165.6C200.46,165.68 200.64,165.79 200.79,165.94C200.94,166.08 201.07,166.26 201.16,166.47C201.25,166.68 201.29,166.92 201.29,167.2C201.29,167.46 201.24,167.71 201.15,167.93C201.05,168.16 200.92,168.36 200.74,168.52C200.57,168.69 200.37,168.82 200.12,168.92C199.88,169.02 199.62,169.06 199.33,169.06C199.04,169.06 198.78,169.02 198.54,168.93C198.31,168.84 198.11,168.7 197.94,168.54C197.78,168.37 197.65,168.16 197.56,167.92C197.48,167.68 197.43,167.41 197.43,167.11C197.43,166.86 197.49,166.59 197.6,166.31C197.71,166.02 197.88,165.72 198.13,165.4L199.58,163.44C199.62,163.39 199.67,163.35 199.74,163.32C199.8,163.29 199.88,163.27 199.96,163.27H200.6L198.9,165.42ZM203.09,165.43C203.39,165.37 203.66,165.34 203.91,165.34C204.21,165.34 204.48,165.38 204.71,165.47C204.93,165.56 205.13,165.68 205.28,165.83C205.43,165.99 205.55,166.17 205.63,166.38C205.71,166.59 205.74,166.82 205.74,167.07C205.74,167.37 205.69,167.65 205.59,167.89C205.48,168.14 205.34,168.35 205.15,168.52C204.96,168.7 204.75,168.83 204.5,168.92C204.25,169.02 203.98,169.06 203.68,169.06C203.52,169.06 203.35,169.05 203.2,169.01C203.05,168.98 202.9,168.94 202.76,168.88C202.63,168.82 202.51,168.76 202.39,168.69C202.28,168.62 202.18,168.54 202.09,168.46L202.31,168.16C202.36,168.09 202.42,168.05 202.5,168.05C202.55,168.05 202.61,168.07 202.68,168.12C202.74,168.16 202.82,168.2 202.92,168.25C203.02,168.3 203.13,168.35 203.26,168.39C203.39,168.43 203.54,168.45 203.72,168.45C203.92,168.45 204.1,168.42 204.26,168.36C204.42,168.29 204.56,168.2 204.67,168.08C204.79,167.96 204.88,167.82 204.94,167.66C205,167.49 205.03,167.3 205.03,167.1C205.03,166.92 205,166.76 204.95,166.62C204.9,166.47 204.82,166.35 204.71,166.25C204.61,166.15 204.48,166.07 204.32,166.01C204.16,165.96 203.98,165.93 203.77,165.93C203.63,165.93 203.47,165.94 203.32,165.96C203.16,165.99 203,166.03 202.84,166.08L202.39,165.95L202.85,163.27H205.57V163.58C205.57,163.68 205.54,163.76 205.47,163.83C205.41,163.9 205.3,163.93 205.15,163.93H203.35L203.09,165.43ZM209.17,164.65C209.17,164.88 209.13,165.08 209.07,165.26C209,165.43 208.9,165.58 208.79,165.7C208.67,165.82 208.54,165.92 208.38,165.98C208.23,166.04 208.07,166.08 207.9,166.08C207.72,166.08 207.55,166.04 207.4,165.98C207.24,165.92 207.11,165.82 206.99,165.7C206.88,165.58 206.79,165.43 206.73,165.26C206.66,165.08 206.63,164.88 206.63,164.65C206.63,164.42 206.66,164.22 206.73,164.04C206.79,163.86 206.88,163.71 206.99,163.59C207.11,163.46 207.24,163.37 207.4,163.31C207.55,163.24 207.72,163.21 207.9,163.21C208.08,163.21 208.25,163.24 208.4,163.31C208.56,163.37 208.69,163.46 208.8,163.59C208.92,163.71 209.01,163.86 209.07,164.04C209.14,164.22 209.17,164.42 209.17,164.65ZM208.62,164.65C208.62,164.48 208.6,164.33 208.56,164.2C208.52,164.08 208.47,163.98 208.4,163.9C208.34,163.82 208.26,163.77 208.18,163.73C208.09,163.7 208,163.68 207.9,163.68C207.8,163.68 207.71,163.7 207.62,163.73C207.54,163.77 207.46,163.82 207.4,163.9C207.33,163.98 207.28,164.08 207.24,164.2C207.21,164.33 207.19,164.48 207.19,164.65C207.19,164.82 207.21,164.97 207.24,165.1C207.28,165.22 207.33,165.32 207.4,165.39C207.46,165.47 207.54,165.52 207.62,165.56C207.71,165.59 207.8,165.6 207.9,165.6C208,165.6 208.09,165.59 208.18,165.56C208.26,165.52 208.34,165.47 208.4,165.39C208.47,165.32 208.52,165.22 208.56,165.1C208.6,164.97 208.62,164.82 208.62,164.65ZM211.2,163.39C211.22,163.36 211.26,163.33 211.29,163.3C211.33,163.28 211.38,163.27 211.44,163.27H211.95L207.76,168.88C207.74,168.92 207.71,168.95 207.67,168.97C207.63,168.99 207.59,169 207.53,169H207.01L211.2,163.39ZM212.34,167.65C212.34,167.87 212.31,168.07 212.24,168.25C212.17,168.42 212.07,168.57 211.96,168.7C211.84,168.82 211.71,168.91 211.55,168.97C211.4,169.04 211.24,169.07 211.07,169.07C210.89,169.07 210.72,169.04 210.57,168.97C210.41,168.91 210.28,168.82 210.16,168.7C210.05,168.57 209.96,168.42 209.9,168.25C209.84,168.07 209.8,167.87 209.8,167.65C209.8,167.42 209.84,167.21 209.9,167.04C209.96,166.85 210.05,166.7 210.16,166.58C210.28,166.46 210.41,166.36 210.57,166.3C210.72,166.24 210.89,166.2 211.07,166.2C211.25,166.2 211.41,166.24 211.57,166.3C211.73,166.36 211.86,166.46 211.97,166.58C212.09,166.7 212.18,166.85 212.24,167.04C212.31,167.21 212.34,167.42 212.34,167.65ZM211.79,167.65C211.79,167.47 211.77,167.32 211.73,167.2C211.7,167.07 211.64,166.97 211.58,166.9C211.51,166.82 211.44,166.76 211.35,166.73C211.26,166.69 211.17,166.68 211.07,166.68C210.97,166.68 210.88,166.69 210.79,166.73C210.7,166.76 210.63,166.82 210.57,166.9C210.5,166.97 210.45,167.07 210.41,167.2C210.38,167.32 210.36,167.47 210.36,167.65C210.36,167.82 210.38,167.97 210.41,168.09C210.45,168.21 210.5,168.31 210.57,168.38C210.63,168.46 210.7,168.51 210.79,168.55C210.88,168.58 210.97,168.6 211.07,168.6C211.17,168.6 211.26,168.58 211.35,168.55C211.44,168.51 211.51,168.46 211.58,168.38C211.64,168.31 211.7,168.21 211.73,168.09C211.77,167.97 211.79,167.82 211.79,167.65Z"
      android:fillColor="#707070"/>
  <path
      android:pathData="M234.32,199.27V199.59C234.32,199.68 234.31,199.75 234.29,199.81C234.27,199.87 234.26,199.92 234.24,199.96L231.86,204.75C231.82,204.82 231.78,204.88 231.72,204.93C231.65,204.98 231.57,205 231.47,205H230.96L233.37,200.27C233.4,200.21 233.44,200.14 233.48,200.09C233.51,200.03 233.55,199.98 233.6,199.93H230.6C230.56,199.93 230.52,199.91 230.48,199.88C230.45,199.84 230.43,199.8 230.43,199.75V199.27H234.32ZM236.09,201.43C236.39,201.37 236.66,201.34 236.91,201.34C237.21,201.34 237.48,201.38 237.71,201.47C237.93,201.56 238.13,201.68 238.28,201.83C238.43,201.99 238.55,202.17 238.63,202.38C238.71,202.59 238.74,202.82 238.74,203.07C238.74,203.37 238.69,203.65 238.59,203.89C238.48,204.14 238.34,204.35 238.15,204.52C237.96,204.7 237.75,204.83 237.5,204.92C237.25,205.02 236.98,205.06 236.68,205.06C236.52,205.06 236.35,205.05 236.2,205.01C236.05,204.98 235.9,204.94 235.76,204.88C235.63,204.82 235.51,204.76 235.39,204.69C235.28,204.62 235.18,204.54 235.09,204.46L235.31,204.16C235.36,204.09 235.42,204.05 235.5,204.05C235.55,204.05 235.61,204.07 235.68,204.12C235.74,204.16 235.82,204.2 235.92,204.25C236.02,204.3 236.13,204.35 236.26,204.39C236.39,204.43 236.54,204.45 236.72,204.45C236.92,204.45 237.1,204.42 237.26,204.36C237.42,204.29 237.56,204.2 237.67,204.08C237.79,203.96 237.88,203.82 237.94,203.66C238,203.49 238.03,203.3 238.03,203.1C238.03,202.92 238,202.76 237.95,202.62C237.9,202.47 237.82,202.35 237.71,202.25C237.61,202.15 237.48,202.07 237.32,202.01C237.16,201.96 236.98,201.93 236.77,201.93C236.63,201.93 236.47,201.94 236.32,201.96C236.16,201.99 236,202.03 235.84,202.08L235.39,201.95L235.85,199.27H238.57V199.58C238.57,199.68 238.54,199.76 238.47,199.83C238.41,199.9 238.3,199.93 238.15,199.93H236.35L236.09,201.43ZM242.17,200.65C242.17,200.88 242.13,201.08 242.07,201.26C242,201.43 241.9,201.58 241.79,201.7C241.67,201.82 241.54,201.92 241.38,201.98C241.23,202.04 241.07,202.08 240.9,202.08C240.72,202.08 240.55,202.04 240.4,201.98C240.24,201.92 240.11,201.82 239.99,201.7C239.88,201.58 239.79,201.43 239.73,201.26C239.66,201.08 239.63,200.88 239.63,200.65C239.63,200.42 239.66,200.22 239.73,200.04C239.79,199.86 239.88,199.71 239.99,199.59C240.11,199.46 240.24,199.37 240.4,199.31C240.55,199.24 240.72,199.21 240.9,199.21C241.08,199.21 241.25,199.24 241.4,199.31C241.56,199.37 241.69,199.46 241.8,199.59C241.92,199.71 242.01,199.86 242.07,200.04C242.14,200.22 242.17,200.42 242.17,200.65ZM241.62,200.65C241.62,200.48 241.6,200.33 241.56,200.2C241.52,200.08 241.47,199.98 241.4,199.9C241.34,199.82 241.26,199.77 241.18,199.73C241.09,199.7 241,199.68 240.9,199.68C240.8,199.68 240.71,199.7 240.62,199.73C240.54,199.77 240.46,199.82 240.4,199.9C240.33,199.98 240.28,200.08 240.24,200.2C240.21,200.33 240.19,200.48 240.19,200.65C240.19,200.82 240.21,200.97 240.24,201.1C240.28,201.22 240.33,201.32 240.4,201.39C240.46,201.47 240.54,201.52 240.62,201.56C240.71,201.59 240.8,201.6 240.9,201.6C241,201.6 241.09,201.59 241.18,201.56C241.26,201.52 241.34,201.47 241.4,201.39C241.47,201.32 241.52,201.22 241.56,201.1C241.6,200.97 241.62,200.82 241.62,200.65ZM244.2,199.39C244.22,199.36 244.26,199.33 244.29,199.3C244.33,199.28 244.38,199.27 244.44,199.27H244.95L240.76,204.88C240.74,204.92 240.71,204.95 240.67,204.97C240.63,204.99 240.59,205 240.53,205H240.01L244.2,199.39ZM245.34,203.65C245.34,203.87 245.31,204.07 245.24,204.25C245.17,204.42 245.07,204.57 244.96,204.7C244.84,204.82 244.71,204.91 244.55,204.97C244.4,205.04 244.24,205.07 244.07,205.07C243.89,205.07 243.72,205.04 243.57,204.97C243.41,204.91 243.28,204.82 243.16,204.7C243.05,204.57 242.96,204.42 242.9,204.25C242.84,204.07 242.8,203.87 242.8,203.65C242.8,203.42 242.84,203.21 242.9,203.04C242.96,202.85 243.05,202.7 243.16,202.58C243.28,202.46 243.41,202.36 243.57,202.3C243.72,202.24 243.89,202.2 244.07,202.2C244.25,202.2 244.41,202.24 244.57,202.3C244.73,202.36 244.86,202.46 244.97,202.58C245.09,202.7 245.18,202.85 245.24,203.04C245.31,203.21 245.34,203.42 245.34,203.65ZM244.79,203.65C244.79,203.47 244.77,203.32 244.73,203.2C244.7,203.07 244.64,202.97 244.58,202.9C244.51,202.82 244.44,202.76 244.35,202.73C244.26,202.69 244.17,202.68 244.07,202.68C243.97,202.68 243.88,202.69 243.79,202.73C243.7,202.76 243.63,202.82 243.57,202.9C243.5,202.97 243.45,203.07 243.41,203.2C243.38,203.32 243.36,203.47 243.36,203.65C243.36,203.82 243.38,203.97 243.41,204.09C243.45,204.21 243.5,204.31 243.57,204.38C243.63,204.46 243.7,204.51 243.79,204.55C243.88,204.58 243.97,204.6 244.07,204.6C244.17,204.6 244.26,204.58 244.35,204.55C244.44,204.51 244.51,204.46 244.58,204.38C244.64,204.31 244.7,204.21 244.73,204.09C244.77,203.97 244.79,203.82 244.79,203.65Z"
      android:fillColor="#707070"/>
  <path
      android:pathData="M226.32,127.27V127.59C226.32,127.68 226.31,127.75 226.29,127.81C226.27,127.87 226.26,127.92 226.24,127.96L223.86,132.75C223.82,132.82 223.78,132.88 223.72,132.93C223.65,132.98 223.57,133 223.47,133H222.96L225.37,128.27C225.4,128.21 225.44,128.14 225.48,128.09C225.51,128.03 225.55,127.98 225.6,127.93H222.6C222.56,127.93 222.52,127.91 222.48,127.88C222.45,127.84 222.43,127.8 222.43,127.75V127.27H226.32ZM230.59,132.32C230.67,132.32 230.73,132.35 230.77,132.39C230.82,132.44 230.84,132.5 230.84,132.57V133H227.02V132.76C227.02,132.71 227.03,132.65 227.05,132.6C227.07,132.55 227.1,132.5 227.15,132.45L228.99,130.61C229.14,130.45 229.27,130.3 229.4,130.16C229.53,130.02 229.63,129.88 229.72,129.73C229.81,129.59 229.88,129.44 229.93,129.3C229.97,129.15 230,128.99 230,128.82C230,128.65 229.97,128.51 229.92,128.38C229.86,128.25 229.79,128.15 229.7,128.06C229.61,127.98 229.5,127.92 229.37,127.88C229.25,127.84 229.11,127.82 228.97,127.82C228.82,127.82 228.69,127.84 228.57,127.88C228.44,127.92 228.33,127.98 228.24,128.06C228.14,128.13 228.07,128.22 228,128.33C227.94,128.43 227.89,128.55 227.87,128.67C227.83,128.76 227.79,128.83 227.73,128.86C227.68,128.89 227.6,128.9 227.51,128.88L227.13,128.82C227.17,128.56 227.24,128.33 227.35,128.13C227.46,127.93 227.59,127.76 227.76,127.62C227.92,127.48 228.11,127.38 228.32,127.31C228.53,127.24 228.76,127.2 229.01,127.2C229.25,127.2 229.47,127.24 229.68,127.31C229.9,127.38 230.08,127.49 230.23,127.63C230.39,127.76 230.51,127.93 230.6,128.13C230.68,128.32 230.73,128.55 230.73,128.8C230.73,129.01 230.7,129.21 230.63,129.4C230.57,129.58 230.48,129.75 230.37,129.92C230.26,130.08 230.14,130.24 229.99,130.4C229.85,130.56 229.7,130.72 229.54,130.88L228.03,132.42C228.13,132.39 228.24,132.37 228.35,132.35C228.46,132.33 228.57,132.32 228.67,132.32H230.59ZM234.17,128.65C234.17,128.88 234.13,129.08 234.07,129.26C234,129.43 233.9,129.58 233.79,129.7C233.67,129.82 233.54,129.92 233.38,129.98C233.23,130.04 233.07,130.08 232.9,130.08C232.72,130.08 232.55,130.04 232.4,129.98C232.24,129.92 232.11,129.82 231.99,129.7C231.88,129.58 231.79,129.43 231.73,129.26C231.66,129.08 231.63,128.88 231.63,128.65C231.63,128.42 231.66,128.22 231.73,128.04C231.79,127.86 231.88,127.71 231.99,127.59C232.11,127.46 232.24,127.37 232.4,127.31C232.55,127.24 232.72,127.21 232.9,127.21C233.08,127.21 233.25,127.24 233.4,127.31C233.56,127.37 233.69,127.46 233.8,127.59C233.92,127.71 234.01,127.86 234.07,128.04C234.14,128.22 234.17,128.42 234.17,128.65ZM233.62,128.65C233.62,128.48 233.6,128.33 233.56,128.2C233.52,128.08 233.47,127.98 233.4,127.9C233.34,127.82 233.26,127.77 233.18,127.73C233.09,127.7 233,127.68 232.9,127.68C232.8,127.68 232.71,127.7 232.62,127.73C232.54,127.77 232.46,127.82 232.4,127.9C232.33,127.98 232.28,128.08 232.24,128.2C232.21,128.33 232.19,128.48 232.19,128.65C232.19,128.82 232.21,128.97 232.24,129.1C232.28,129.22 232.33,129.32 232.4,129.39C232.46,129.47 232.54,129.52 232.62,129.56C232.71,129.59 232.8,129.6 232.9,129.6C233,129.6 233.09,129.59 233.18,129.56C233.26,129.52 233.34,129.47 233.4,129.39C233.47,129.32 233.52,129.22 233.56,129.1C233.6,128.97 233.62,128.82 233.62,128.65ZM236.2,127.39C236.22,127.36 236.26,127.33 236.29,127.3C236.33,127.28 236.38,127.27 236.44,127.27H236.95L232.76,132.88C232.74,132.92 232.71,132.95 232.67,132.97C232.63,132.99 232.59,133 232.53,133H232.01L236.2,127.39ZM237.34,131.65C237.34,131.87 237.31,132.07 237.24,132.25C237.17,132.42 237.07,132.57 236.96,132.7C236.84,132.82 236.71,132.91 236.55,132.97C236.4,133.04 236.24,133.07 236.07,133.07C235.89,133.07 235.72,133.04 235.57,132.97C235.41,132.91 235.28,132.82 235.16,132.7C235.05,132.57 234.96,132.42 234.9,132.25C234.84,132.07 234.8,131.87 234.8,131.65C234.8,131.42 234.84,131.21 234.9,131.04C234.96,130.85 235.05,130.7 235.16,130.58C235.28,130.46 235.41,130.36 235.57,130.3C235.72,130.24 235.89,130.2 236.07,130.2C236.25,130.2 236.41,130.24 236.57,130.3C236.73,130.36 236.86,130.46 236.97,130.58C237.09,130.7 237.18,130.85 237.24,131.04C237.31,131.21 237.34,131.42 237.34,131.65ZM236.79,131.65C236.79,131.47 236.77,131.32 236.73,131.2C236.7,131.07 236.64,130.97 236.58,130.9C236.51,130.82 236.44,130.76 236.35,130.73C236.26,130.69 236.17,130.68 236.07,130.68C235.97,130.68 235.88,130.69 235.79,130.73C235.7,130.76 235.63,130.82 235.57,130.9C235.5,130.97 235.45,131.07 235.41,131.2C235.38,131.32 235.36,131.47 235.36,131.65C235.36,131.82 235.38,131.97 235.41,132.09C235.45,132.21 235.5,132.31 235.57,132.38C235.63,132.46 235.7,132.51 235.79,132.55C235.88,132.58 235.97,132.6 236.07,132.6C236.17,132.6 236.26,132.58 236.35,132.55C236.44,132.51 236.51,132.46 236.58,132.38C236.64,132.31 236.7,132.21 236.73,132.09C236.77,131.97 236.79,131.82 236.79,131.65Z"
      android:fillColor="#707070"/>
  <path
      android:pathData="M6.91,125.38H4.13V133H2.97V125.38H0.18V124.4H6.91V125.38ZM10.54,129.3C10.54,129.05 10.5,128.82 10.43,128.62C10.36,128.41 10.26,128.23 10.13,128.09C9.99,127.93 9.83,127.82 9.64,127.74C9.45,127.65 9.23,127.61 8.98,127.61C8.47,127.61 8.07,127.76 7.77,128.06C7.47,128.36 7.29,128.77 7.22,129.3H10.54ZM11.4,132.15C11.27,132.31 11.11,132.45 10.93,132.57C10.74,132.68 10.55,132.78 10.34,132.86C10.13,132.93 9.91,132.99 9.69,133.02C9.46,133.06 9.24,133.08 9.02,133.08C8.6,133.08 8.21,133.01 7.86,132.87C7.51,132.73 7.2,132.52 6.94,132.25C6.68,131.97 6.48,131.63 6.34,131.23C6.2,130.83 6.12,130.36 6.12,129.84C6.12,129.41 6.19,129.02 6.32,128.65C6.45,128.28 6.64,127.96 6.88,127.7C7.12,127.42 7.42,127.21 7.77,127.06C8.13,126.9 8.52,126.83 8.96,126.83C9.32,126.83 9.66,126.89 9.97,127.01C10.28,127.13 10.55,127.31 10.77,127.54C11,127.77 11.18,128.05 11.31,128.39C11.44,128.73 11.5,129.11 11.5,129.54C11.5,129.71 11.48,129.82 11.44,129.88C11.41,129.94 11.34,129.96 11.24,129.96H7.18C7.19,130.35 7.24,130.68 7.34,130.97C7.43,131.25 7.56,131.49 7.73,131.68C7.9,131.87 8.1,132.01 8.33,132.11C8.56,132.2 8.82,132.24 9.11,132.24C9.38,132.24 9.61,132.21 9.8,132.15C10,132.09 10.16,132.02 10.31,131.95C10.44,131.88 10.56,131.81 10.65,131.75C10.75,131.69 10.83,131.66 10.9,131.66C10.99,131.66 11.06,131.69 11.1,131.76L11.4,132.15ZM16.35,127.92C16.3,128.01 16.23,128.06 16.13,128.06C16.07,128.06 16,128.03 15.92,127.99C15.85,127.95 15.75,127.9 15.64,127.85C15.53,127.79 15.4,127.74 15.25,127.7C15.1,127.65 14.92,127.62 14.71,127.62C14.53,127.62 14.37,127.65 14.23,127.7C14.08,127.74 13.96,127.8 13.85,127.88C13.75,127.96 13.68,128.06 13.62,128.16C13.57,128.27 13.54,128.38 13.54,128.51C13.54,128.66 13.59,128.79 13.67,128.9C13.77,129 13.89,129.09 14.03,129.17C14.18,129.24 14.35,129.31 14.54,129.37C14.73,129.43 14.92,129.49 15.11,129.56C15.31,129.62 15.51,129.69 15.7,129.77C15.88,129.85 16.05,129.95 16.2,130.07C16.35,130.19 16.47,130.34 16.55,130.52C16.65,130.69 16.69,130.9 16.69,131.14C16.69,131.42 16.64,131.68 16.54,131.92C16.44,132.16 16.29,132.36 16.1,132.54C15.9,132.71 15.66,132.85 15.38,132.95C15.09,133.05 14.77,133.1 14.39,133.1C13.97,133.1 13.59,133.03 13.24,132.89C12.9,132.75 12.61,132.57 12.37,132.36L12.62,131.95C12.65,131.9 12.69,131.86 12.73,131.83C12.78,131.8 12.83,131.79 12.9,131.79C12.97,131.79 13.05,131.82 13.13,131.87C13.21,131.93 13.3,131.99 13.42,132.06C13.53,132.13 13.67,132.19 13.84,132.24C14,132.3 14.2,132.33 14.45,132.33C14.66,132.33 14.84,132.3 14.99,132.25C15.15,132.19 15.28,132.12 15.38,132.03C15.49,131.94 15.56,131.83 15.61,131.71C15.66,131.59 15.69,131.46 15.69,131.33C15.69,131.16 15.64,131.02 15.55,130.91C15.46,130.8 15.35,130.71 15.2,130.63C15.05,130.55 14.88,130.48 14.69,130.43C14.5,130.37 14.31,130.3 14.11,130.24C13.91,130.18 13.72,130.1 13.52,130.02C13.34,129.94 13.17,129.84 13.02,129.71C12.87,129.59 12.75,129.44 12.66,129.26C12.57,129.07 12.53,128.85 12.53,128.59C12.53,128.36 12.58,128.14 12.67,127.92C12.77,127.71 12.91,127.52 13.09,127.36C13.28,127.2 13.5,127.07 13.77,126.97C14.04,126.87 14.34,126.83 14.69,126.83C15.09,126.83 15.45,126.89 15.76,127.02C16.08,127.14 16.36,127.31 16.59,127.53L16.35,127.92ZM19.87,133.1C19.39,133.1 19.02,132.96 18.76,132.69C18.5,132.43 18.37,132.04 18.37,131.54V127.82H17.64C17.58,127.82 17.52,127.8 17.48,127.76C17.44,127.72 17.41,127.66 17.41,127.58V127.16L18.41,127.03L18.66,125.15C18.67,125.09 18.69,125.04 18.73,125.01C18.78,124.97 18.83,124.95 18.9,124.95H19.44V127.04H21.2V127.82H19.44V131.46C19.44,131.72 19.5,131.91 19.63,132.03C19.75,132.16 19.91,132.22 20.11,132.22C20.22,132.22 20.32,132.21 20.4,132.18C20.48,132.15 20.55,132.11 20.61,132.08C20.67,132.04 20.72,132.01 20.76,131.98C20.81,131.95 20.84,131.93 20.88,131.93C20.93,131.93 20.98,131.97 21.03,132.03L21.34,132.54C21.15,132.72 20.93,132.85 20.67,132.95C20.41,133.05 20.14,133.1 19.87,133.1ZM30.45,131.99C30.57,131.99 30.66,132.02 30.73,132.09C30.79,132.16 30.83,132.24 30.83,132.35V133H25.09V132.63C25.09,132.56 25.11,132.48 25.14,132.4C25.17,132.32 25.22,132.25 25.29,132.18L28.04,129.41C28.27,129.18 28.48,128.96 28.67,128.75C28.86,128.53 29.02,128.31 29.15,128.1C29.28,127.88 29.38,127.66 29.45,127.44C29.53,127.22 29.56,126.98 29.56,126.73C29.56,126.48 29.52,126.26 29.44,126.07C29.36,125.88 29.25,125.72 29.11,125.6C28.98,125.47 28.81,125.38 28.63,125.32C28.44,125.26 28.24,125.22 28.02,125.22C27.8,125.22 27.6,125.26 27.41,125.32C27.23,125.38 27.07,125.47 26.92,125.59C26.78,125.7 26.66,125.84 26.57,125.99C26.47,126.15 26.4,126.32 26.36,126.51C26.32,126.65 26.25,126.74 26.17,126.79C26.09,126.83 25.97,126.85 25.82,126.83L25.27,126.73C25.32,126.34 25.43,125.99 25.59,125.69C25.75,125.39 25.96,125.13 26.2,124.93C26.45,124.73 26.73,124.57 27.05,124.47C27.36,124.36 27.71,124.31 28.07,124.31C28.44,124.31 28.78,124.36 29.09,124.47C29.41,124.58 29.68,124.73 29.92,124.94C30.15,125.15 30.33,125.4 30.46,125.69C30.59,125.99 30.66,126.32 30.66,126.7C30.66,127.02 30.61,127.32 30.52,127.59C30.42,127.87 30.29,128.13 30.13,128.37C29.96,128.62 29.77,128.86 29.56,129.1C29.34,129.34 29.12,129.57 28.88,129.81L26.61,132.13C26.77,132.09 26.93,132.05 27.1,132.03C27.26,132 27.42,131.99 27.57,131.99H30.45Z"
      android:fillColor="#707070"/>
  <path
      android:pathData="M6.91,161.38H4.13V169H2.97V161.38H0.18V160.4H6.91V161.38ZM10.54,165.3C10.54,165.05 10.5,164.82 10.43,164.62C10.36,164.41 10.26,164.23 10.13,164.09C9.99,163.93 9.83,163.82 9.64,163.74C9.45,163.65 9.23,163.61 8.98,163.61C8.47,163.61 8.07,163.76 7.77,164.06C7.47,164.36 7.29,164.77 7.22,165.3H10.54ZM11.4,168.15C11.27,168.31 11.11,168.45 10.93,168.57C10.74,168.68 10.55,168.78 10.34,168.86C10.13,168.93 9.91,168.99 9.69,169.02C9.46,169.06 9.24,169.08 9.02,169.08C8.6,169.08 8.21,169.01 7.86,168.87C7.51,168.73 7.2,168.52 6.94,168.25C6.68,167.97 6.48,167.63 6.34,167.23C6.2,166.83 6.12,166.36 6.12,165.84C6.12,165.41 6.19,165.02 6.32,164.65C6.45,164.28 6.64,163.96 6.88,163.7C7.12,163.42 7.42,163.21 7.77,163.06C8.13,162.9 8.52,162.83 8.96,162.83C9.32,162.83 9.66,162.89 9.97,163.01C10.28,163.13 10.55,163.31 10.77,163.54C11,163.77 11.18,164.05 11.31,164.39C11.44,164.73 11.5,165.11 11.5,165.54C11.5,165.71 11.48,165.82 11.44,165.88C11.41,165.94 11.34,165.96 11.24,165.96H7.18C7.19,166.35 7.24,166.68 7.34,166.97C7.43,167.25 7.56,167.49 7.73,167.68C7.9,167.87 8.1,168.01 8.33,168.11C8.56,168.2 8.82,168.24 9.11,168.24C9.38,168.24 9.61,168.21 9.8,168.15C10,168.09 10.16,168.02 10.31,167.95C10.44,167.88 10.56,167.81 10.65,167.75C10.75,167.69 10.83,167.66 10.9,167.66C10.99,167.66 11.06,167.69 11.1,167.76L11.4,168.15ZM16.35,163.92C16.3,164.01 16.23,164.06 16.13,164.06C16.07,164.06 16,164.03 15.92,163.99C15.85,163.95 15.75,163.9 15.64,163.85C15.53,163.79 15.4,163.74 15.25,163.7C15.1,163.65 14.92,163.62 14.71,163.62C14.53,163.62 14.37,163.65 14.23,163.7C14.08,163.74 13.96,163.8 13.85,163.88C13.75,163.96 13.68,164.06 13.62,164.16C13.57,164.27 13.54,164.38 13.54,164.51C13.54,164.66 13.59,164.79 13.67,164.9C13.77,165 13.89,165.09 14.03,165.17C14.18,165.24 14.35,165.31 14.54,165.37C14.73,165.43 14.92,165.49 15.11,165.56C15.31,165.62 15.51,165.69 15.7,165.77C15.88,165.85 16.05,165.95 16.2,166.07C16.35,166.19 16.47,166.34 16.55,166.52C16.65,166.69 16.69,166.9 16.69,167.14C16.69,167.42 16.64,167.68 16.54,167.92C16.44,168.16 16.29,168.36 16.1,168.54C15.9,168.71 15.66,168.85 15.38,168.95C15.09,169.05 14.77,169.1 14.39,169.1C13.97,169.1 13.59,169.03 13.24,168.89C12.9,168.75 12.61,168.57 12.37,168.36L12.62,167.95C12.65,167.9 12.69,167.86 12.73,167.83C12.78,167.8 12.83,167.79 12.9,167.79C12.97,167.79 13.05,167.82 13.13,167.87C13.21,167.93 13.3,167.99 13.42,168.06C13.53,168.13 13.67,168.19 13.84,168.24C14,168.3 14.2,168.33 14.45,168.33C14.66,168.33 14.84,168.3 14.99,168.25C15.15,168.19 15.28,168.12 15.38,168.03C15.49,167.94 15.56,167.83 15.61,167.71C15.66,167.59 15.69,167.46 15.69,167.33C15.69,167.16 15.64,167.02 15.55,166.91C15.46,166.8 15.35,166.71 15.2,166.63C15.05,166.55 14.88,166.48 14.69,166.43C14.5,166.37 14.31,166.3 14.11,166.24C13.91,166.18 13.72,166.1 13.52,166.02C13.34,165.94 13.17,165.84 13.02,165.71C12.87,165.59 12.75,165.44 12.66,165.26C12.57,165.07 12.53,164.85 12.53,164.59C12.53,164.36 12.58,164.14 12.67,163.92C12.77,163.71 12.91,163.52 13.09,163.36C13.28,163.2 13.5,163.07 13.77,162.97C14.04,162.87 14.34,162.83 14.69,162.83C15.09,162.83 15.45,162.89 15.76,163.02C16.08,163.14 16.36,163.31 16.59,163.53L16.35,163.92ZM19.87,169.1C19.39,169.1 19.02,168.96 18.76,168.69C18.5,168.43 18.37,168.04 18.37,167.54V163.82H17.64C17.58,163.82 17.52,163.8 17.48,163.76C17.44,163.72 17.41,163.66 17.41,163.58V163.16L18.41,163.03L18.66,161.15C18.67,161.09 18.69,161.04 18.73,161.01C18.78,160.97 18.83,160.95 18.9,160.95H19.44V163.04H21.2V163.82H19.44V167.46C19.44,167.72 19.5,167.91 19.63,168.03C19.75,168.16 19.91,168.22 20.11,168.22C20.22,168.22 20.32,168.21 20.4,168.18C20.48,168.15 20.55,168.11 20.61,168.08C20.67,168.04 20.72,168.01 20.76,167.98C20.81,167.95 20.84,167.93 20.88,167.93C20.93,167.93 20.98,167.97 21.03,168.03L21.34,168.54C21.15,168.72 20.93,168.85 20.67,168.95C20.41,169.05 20.14,169.1 19.87,169.1ZM25.31,162.73C25.36,162.34 25.47,161.99 25.63,161.69C25.79,161.39 25.99,161.13 26.24,160.93C26.49,160.73 26.77,160.57 27.08,160.47C27.4,160.36 27.75,160.31 28.12,160.31C28.48,160.31 28.82,160.36 29.12,160.46C29.43,160.57 29.7,160.71 29.92,160.91C30.14,161.1 30.31,161.33 30.44,161.6C30.56,161.87 30.62,162.18 30.62,162.51C30.62,162.78 30.59,163.02 30.52,163.24C30.45,163.45 30.35,163.64 30.22,163.8C30.09,163.96 29.93,164.09 29.75,164.21C29.56,164.32 29.36,164.41 29.13,164.48C29.69,164.63 30.11,164.87 30.39,165.23C30.67,165.57 30.82,166.01 30.82,166.53C30.82,166.93 30.74,167.29 30.59,167.6C30.44,167.92 30.24,168.19 29.98,168.41C29.72,168.63 29.41,168.8 29.06,168.92C28.72,169.04 28.35,169.1 27.95,169.1C27.5,169.1 27.11,169.04 26.78,168.93C26.46,168.81 26.19,168.65 25.96,168.45C25.74,168.25 25.55,168.02 25.41,167.75C25.27,167.47 25.14,167.17 25.04,166.85L25.51,166.66C25.63,166.61 25.74,166.59 25.85,166.62C25.97,166.64 26.05,166.71 26.11,166.82C26.16,166.93 26.22,167.06 26.3,167.22C26.38,167.37 26.49,167.52 26.62,167.67C26.76,167.81 26.93,167.93 27.14,168.03C27.35,168.13 27.62,168.18 27.94,168.18C28.24,168.18 28.5,168.14 28.73,168.04C28.96,167.94 29.14,167.81 29.29,167.66C29.44,167.5 29.56,167.33 29.63,167.13C29.71,166.94 29.75,166.75 29.75,166.56C29.75,166.33 29.72,166.12 29.66,165.93C29.6,165.74 29.49,165.57 29.32,165.43C29.16,165.29 28.93,165.18 28.64,165.1C28.36,165.02 27.99,164.98 27.55,164.98V164.21C27.91,164.2 28.23,164.16 28.48,164.09C28.74,164.01 28.95,163.91 29.11,163.77C29.28,163.64 29.39,163.48 29.47,163.3C29.54,163.12 29.58,162.91 29.58,162.69C29.58,162.44 29.54,162.22 29.46,162.04C29.38,161.86 29.28,161.7 29.14,161.58C29.01,161.46 28.84,161.37 28.66,161.31C28.47,161.25 28.27,161.22 28.06,161.22C27.84,161.22 27.64,161.26 27.45,161.32C27.27,161.38 27.1,161.47 26.96,161.59C26.82,161.7 26.7,161.84 26.6,161.99C26.51,162.15 26.44,162.32 26.4,162.51C26.35,162.65 26.28,162.74 26.2,162.79C26.13,162.83 26.01,162.85 25.87,162.83L25.31,162.73Z"
      android:fillColor="#707070"/>
  <path
      android:pathData="M6.91,197.38H4.13V205H2.97V197.38H0.18V196.4H6.91V197.38ZM10.54,201.3C10.54,201.05 10.5,200.82 10.43,200.62C10.36,200.41 10.26,200.23 10.13,200.09C9.99,199.93 9.83,199.82 9.64,199.74C9.45,199.65 9.23,199.61 8.98,199.61C8.47,199.61 8.07,199.76 7.77,200.06C7.47,200.36 7.29,200.77 7.22,201.3H10.54ZM11.4,204.15C11.27,204.31 11.11,204.45 10.93,204.57C10.74,204.68 10.55,204.78 10.34,204.86C10.13,204.93 9.91,204.99 9.69,205.02C9.46,205.06 9.24,205.08 9.02,205.08C8.6,205.08 8.21,205.01 7.86,204.87C7.51,204.73 7.2,204.52 6.94,204.25C6.68,203.97 6.48,203.63 6.34,203.23C6.2,202.83 6.12,202.36 6.12,201.84C6.12,201.41 6.19,201.02 6.32,200.65C6.45,200.28 6.64,199.96 6.88,199.7C7.12,199.42 7.42,199.21 7.77,199.06C8.13,198.9 8.52,198.83 8.96,198.83C9.32,198.83 9.66,198.89 9.97,199.01C10.28,199.13 10.55,199.31 10.77,199.54C11,199.77 11.18,200.05 11.31,200.39C11.44,200.73 11.5,201.11 11.5,201.54C11.5,201.71 11.48,201.82 11.44,201.88C11.41,201.94 11.34,201.96 11.24,201.96H7.18C7.19,202.35 7.24,202.68 7.34,202.97C7.43,203.25 7.56,203.49 7.73,203.68C7.9,203.87 8.1,204.01 8.33,204.11C8.56,204.2 8.82,204.24 9.11,204.24C9.38,204.24 9.61,204.21 9.8,204.15C10,204.09 10.16,204.02 10.31,203.95C10.44,203.88 10.56,203.81 10.65,203.75C10.75,203.69 10.83,203.66 10.9,203.66C10.99,203.66 11.06,203.69 11.1,203.76L11.4,204.15ZM16.35,199.92C16.3,200.01 16.23,200.06 16.13,200.06C16.07,200.06 16,200.03 15.92,199.99C15.85,199.95 15.75,199.9 15.64,199.85C15.53,199.79 15.4,199.74 15.25,199.7C15.1,199.65 14.92,199.62 14.71,199.62C14.53,199.62 14.37,199.65 14.23,199.7C14.08,199.74 13.96,199.8 13.85,199.88C13.75,199.96 13.68,200.06 13.62,200.16C13.57,200.27 13.54,200.38 13.54,200.51C13.54,200.66 13.59,200.79 13.67,200.9C13.77,201 13.89,201.09 14.03,201.17C14.18,201.24 14.35,201.31 14.54,201.37C14.73,201.43 14.92,201.49 15.11,201.56C15.31,201.62 15.51,201.69 15.7,201.77C15.88,201.85 16.05,201.95 16.2,202.07C16.35,202.19 16.47,202.34 16.55,202.52C16.65,202.69 16.69,202.9 16.69,203.14C16.69,203.42 16.64,203.68 16.54,203.92C16.44,204.16 16.29,204.36 16.1,204.54C15.9,204.71 15.66,204.85 15.38,204.95C15.09,205.05 14.77,205.1 14.39,205.1C13.97,205.1 13.59,205.03 13.24,204.89C12.9,204.75 12.61,204.57 12.37,204.36L12.62,203.95C12.65,203.9 12.69,203.86 12.73,203.83C12.78,203.8 12.83,203.79 12.9,203.79C12.97,203.79 13.05,203.82 13.13,203.87C13.21,203.93 13.3,203.99 13.42,204.06C13.53,204.13 13.67,204.19 13.84,204.24C14,204.3 14.2,204.33 14.45,204.33C14.66,204.33 14.84,204.3 14.99,204.25C15.15,204.19 15.28,204.12 15.38,204.03C15.49,203.94 15.56,203.83 15.61,203.71C15.66,203.59 15.69,203.46 15.69,203.33C15.69,203.16 15.64,203.02 15.55,202.91C15.46,202.8 15.35,202.71 15.2,202.63C15.05,202.55 14.88,202.48 14.69,202.43C14.5,202.37 14.31,202.3 14.11,202.24C13.91,202.18 13.72,202.1 13.52,202.02C13.34,201.94 13.17,201.84 13.02,201.71C12.87,201.59 12.75,201.44 12.66,201.26C12.57,201.07 12.53,200.85 12.53,200.59C12.53,200.36 12.58,200.14 12.67,199.92C12.77,199.71 12.91,199.52 13.09,199.36C13.28,199.2 13.5,199.07 13.77,198.97C14.04,198.87 14.34,198.83 14.69,198.83C15.09,198.83 15.45,198.89 15.76,199.02C16.08,199.14 16.36,199.31 16.59,199.53L16.35,199.92ZM19.87,205.1C19.39,205.1 19.02,204.96 18.76,204.69C18.5,204.43 18.37,204.04 18.37,203.54V199.82H17.64C17.58,199.82 17.52,199.8 17.48,199.76C17.44,199.72 17.41,199.66 17.41,199.58V199.16L18.41,199.03L18.66,197.15C18.67,197.09 18.69,197.04 18.73,197.01C18.78,196.97 18.83,196.95 18.9,196.95H19.44V199.04H21.2V199.82H19.44V203.46C19.44,203.72 19.5,203.91 19.63,204.03C19.75,204.16 19.91,204.22 20.11,204.22C20.22,204.22 20.32,204.21 20.4,204.18C20.48,204.15 20.55,204.11 20.61,204.08C20.67,204.04 20.72,204.01 20.76,203.98C20.81,203.95 20.84,203.93 20.88,203.93C20.93,203.93 20.98,203.97 21.03,204.03L21.34,204.54C21.15,204.72 20.93,204.85 20.67,204.95C20.41,205.05 20.14,205.1 19.87,205.1ZM28.91,201.9V198.35C28.91,198.25 28.91,198.13 28.92,198.01C28.93,197.89 28.94,197.76 28.96,197.63L25.82,201.9H28.91ZM31.15,201.9V202.51C31.15,202.57 31.13,202.63 31.09,202.67C31.05,202.72 30.99,202.74 30.91,202.74H29.84V205H28.91V202.74H25.09C25.01,202.74 24.94,202.72 24.88,202.67C24.83,202.62 24.79,202.57 24.77,202.5L24.67,201.95L28.85,196.4H29.84V201.9H31.15Z"
      android:fillColor="#707070"/>
</vector>
